[    0.000000] Linux version 4.15.0-50-generic (buildd@lcy01-amd64-013) (gcc version 7.3.0 (Ubuntu 7.3.0-16ubuntu3)) #54-Ubuntu SMP Mon May 6 18:46:08 UTC 2019 (Ubuntu 4.15.0-50.54-generic 4.15.18)
[    0.000000] Command line: BOOT_IMAGE=/boot/mlnu-4.15.0-50-generic root=UUID=80e728dc-c0e0-45d9-aba4-8e531d47f319 ro console=tty1 console=ttyS0
[    0.000000] KERNEL supported cpus:
[    0.000000]   Intel GenuineIntel
[    0.000000]   AMD AuthenticAMD
[    0.000000]   Centaur CentaurHauls
[    0.000000] x86/fpu: Supporting XSAVE feature 0x001: 'x87 floating point registers'
[    0.000000] x86/fpu: Supporting XSAVE feature 0x002: 'SSE registers'
[    0.000000] x86/fpu: Supporting XSAVE feature 0x004: 'AVX registers'
[    0.000000] x86/fpu: xstate_offset[2]:  576, xstate_sizes[2]:  256
[    0.000000] x86/fpu: Enabled xstate features 0x7, context size is 832 bytes, using 'standard' format.
[    0.000000] e820: BIOS-provided physical RAM map:
[    0.000000] BIOS-e820: [mem 0x0000000000000000-0x000000000009fbff] usable
[    0.000000] BIOS-e820: [mem 0x000000000009fc00-0x000000000009ffff] reserved
[    0.000000] BIOS-e820: [mem 0x00000000000f0000-0x00000000000fffff] reserved
[    0.000000] BIOS-e820: [mem 0x0000000000100000-0x000000003ffeffff] usable
[    0.000000] BIOS-e820: [mem 0x000000003fff0000-0x000000003fffffff] ACPI data
[    0.000000] BIOS-e820: [mem 0x00000000fec00000-0x00000000fec00fff] reserved
[    0.000000] BIOS-e820: [mem 0x00000000fee00000-0x00000000fee00fff] reserved
[    0.000000] BIOS-e820: [mem 0x00000000fffc0000-0x00000000ffffffff] reserved
[    0.000000] NX (Execute Disable) protection: active
[    0.000000] SMBIOS 2.5 present.
[    0.000000] DMI: innotek GmbH VirtualBox/VirtualBox, BIOS VirtualBox 12/01/2006
[    0.000000] Hypervisor detected: KVM
[    0.000000] e820: last_pfn = 0x3fff0 max_arch_pfn = 0x4000000
[    000000] MTRR: Disabled
[    0.000000] x86/PAT: MTRRs disabled, skipping PAT initialization too.
[    0.000000] CPU MTRRs all blank - virtualized system.
[    0.000000] x86/PAT: Configuration [0-7]: WB  WTUC- U  B WT  UCUC 
[    0.000000 found SP MP-table at [mem 0x0009fff0-0x0009ffff] mapped at [        (ptrval)]
[    0.000000] Scanning 1 areas for low memory corruption
[    0.000000] RAMDISK: [mem 0x359d5000-0x36ce1fff][   0.000000] ACPI: Early table checksum verification disabled
[    0.000000] ACPI: RSDP 0x00000000000E0000 000024 (v02 VBOX  )
[    0.000000] ACPI: XSDT 0x000000003FFF0030 00003C (v01 VBOX   VBOXXSDT 00000001 ASL  00000061)
[    0.000000] ACPI: FACP 0x000000003FFF00F0 0000F4 (v04 VBOX   VBOXFACP 00000001 ASL  00000061)
[    0.00000]ACPI: DSDT0x0000003FF0700021FF (v2 BO   VBOBIS 0000002 INTL 20100528)
[    0.000000] ACPI: FACS 0x000000003FFF0200 000040
[    0.000000] ACPI: FACS 0x000000003FFF0200 000040
[    0.000000] ACPI: APIC 0x000000003FFF0240 00005C (v02 VBOX   VBOXAPIC 00000001 ASL  00000061)
[    0.000000] ACPI: SSDT 0x000000003FFF02A0 0001CC (v01 VBOX   VBOXCPUT 00000002 INTL 20100528)
[   .00000] o UMA configuration found
[    0.000000] Fain anode at [mm x000000000000000-0x00000000ffefff
    0.00000]NODE_DATA(0) allocated [mem 0x3ffc5000-0x3ffeffff]
[    0.000000] kvm-clock: cpu 0, msr 0:3ff44001, primary cpu clock
[    0.000000] kvm-clock: Using msrs 4b564d01 and 4b564d00
[    0.000000] kvm-clock: using sched offset of 4440454752 cycles
[    0.000000] clocksource: kvm-clock: mask: 0xffffffffffffffff max_cycles: 0x1cd42e4dffb, max_idle_ns: 881590591483 ns
[    0.000000] Zone ranges:
[    0.000000]   DMA      [mem 0x0000000000001000-0x0000000000ffffff]
[    0.000000]   DMA32    [mem 0x0000000001000000-0x000000003ffeffff]
[    0.000000]   Normal   empty
[    0.000000]   Device   empty
[    0.000000] Movable zone start for each node
[    0.000000] Early memory node ranges
[    0.000000]   node   0: [mem 0x0000000000001000-0x000000000009efff]

[    0.000000]   node   0: [mem 0x0000000000100000-0x000000003ffeffff]
[    0.000000] Reserved but unavailable: 114 pages
[    0.000000] Initmem setup node 0 [mem 0x000000000001000-0x000000003ffeffff]
[    0.000000] ACPI: PM-Timer IO Port: 0x4008
[    0.000000] IOAPIC[0]: apic_id 2, version 32, address 0xfec00000, GSI 0-23
[    0.00000]ACPI: INSRC_OVR (bus 0 bus_irq 0 obl_ir 2df dfl)
[    0.000000] ACPI: NTSR_OVR (bus 0 bus_ir 9 glol_rq 9 low level
[   0.000000 Uin ACPI MAT)for SMP confguaton informaon
[   .00000] smpboo: llwing 2 CPU,  htplug CPUs
[    0.000] PM: Registered nosave memory: [mem 0x00000000-0x00000fff]
[    0.000000] PM: Registered nosave memory: [mem 0x0009f000-0x0009ffff]
[    0.000000] PM: Registered nosave memory: [mem 0x000a0000-0x000effff]
[    0.000000] PM: Registered nosave memory: [mem 0x000f0000-0x000fffff]
[    0.000000] e820: [mem 0x40000000-0xfebfffff] available for PCI devices
[    0.000000] Booting paravirtualized kernel on KVM
[    0.000000] clocksource: refined-jiies: mask: 0xffffff ma_ccls: 0xffffffff, max_idle_ns: 7645519600211568 ns
[    0.000000] random: get_random_bytes called from start_kernel+0x99/0x4fd with crng_init=0
[    0.000000] setup_percpu: NR_CPUS:8192 nr_cpumask_bits:2 nr_cpu_ids:2 nr_node_ids:1
[    0.000000] percpu: Embedded 46 pages/cpu @        (ptrval) s151552 r8192 d28672 u1048576
[    0.000000] PV qspinlock hash table entries: 256 (order: 0, 4096 bytes)
[    0.000000] Built 1 zonelists, mobility grouping on.  Total pages: 257913
[    0.000000] Policy zone: DMA32
[    0.000000] Kernel command line: BOOT_IMAGE=/boot/vmlinuz-4.15.0-50-generic root=UUID=80e728dc-c0e0-45d9-aba4-8e531d47f319 ro console=tty1 console=ttyS0
[    0.000000] Memory: 983068K/1048120K available (12300K kernel code, 2474K rwdata, 4276K rodata, 2412K init, 2416K bss, 65052K reserved, 0K cma-reserved)
[    0.000000] SLUB: HWalign=64, Order=0-3, MinObjects=0, CPUs=2, Nodes=1
[    0.000000] Kernel/User page tables isolation: enabled
[    0.000000] ftrace: allocating 39233 entries in 154 pages
[    0.004000] Hierarchical RCU implementation.
[    0.004000] 	RCU restricting CPUs from NR_CPUS=8192 to nr_cpu_ids=2.
[    0.004000] 	Tasks RCU enabled.
[    0.004000] RCU: Adjusting geometry for rcu_fanout_leaf=16, nr_cpu_ids=2
[    0.004000 NR_IRS:52544, nr_iqs 440, preallocated irqs: 16
[    0.004000] Console: colour VGA+ 80x25
[    0.004000] console [tty1] enabled
[    0.004000] console [ttyS0] enabled
[    0.004000] ACPI: Core revision 20170831
[    0.004000] ACPI: 2 ACPI AML tables successfully acquired and loaded
[    0.004000] APIC: Switch to symmetric I/O mode setup
[    0.004000] x2apic enabled
[    0.004000] Switched APIC routing to physical x2apic.
[    0.005026] ..TIMER: vector=0x30 apic1=0 pin1=2 apic2=-1 pin2=-1
[    0.008002] tsc: etcted 1608.000 MHz processor
[    0.012011] Calibrating delay loop (skipped) preset value.. 3216.00 BogoMIPS (lpj=6432000)
[    0.016005] pid_max: default: 32768 minimum: 301
[    0.020042] Security Framework initialized
[    0.021539] Yama: becoming mindful.
[    0.024025] AppArmor: AppArmor initialized
[    0.028052] Dentry cache hash table entries: 131072 (order: 8, 1048576 bytes)
[    0.032084] Inode-cache hash table entries: 65536 (order: 7, 524288 bytes)
[    0.036016] Mount-cache hash table entries: 2048 (order: 2, 16384 bytes)
[    0.037981] Mountpoint-cache hash table entries: 2048 (order: 2, 16384 bytes)
[    0.040211] mce: CPU supports 0 MCE banks
[    0.041448] Last level iTLB entries: 4KB 64, 2MB 8, 4MB 8
[    0.043040] Last level dTLB entries: 4KB 64, 2MB 0, 4MB 0, 1GB 4
[    0.044003] Spectre V2 : Mitigation: Full generic retpoline
[    0.048001] Spectre V2 : Spectre v2 / SpectreRSB mitigation: Filling RSB on context switch
[    0.050672] Speculative Store Bypass: Vulnerable
[    0.052045] MDS: Vulnerable: Clear CPU buffers attempted, no microcode
[    0.054018] Freeing SMP alternatives memory: 36K
[    0.060000] smpboot: CPU0: Intel(R) Core(TM) i5-8210Y CPU @ 1.60GHz (family: 0x6, model: 0x8e, stepping: 0x9)
[    0.060062] Performance Events: unsupported p6 CPU model 142 no PMU driver, software events only.
[    0.064033] Hierarchical SRCU implementation.
[    0.065918] NMI watchdog: Perf event create on CPU 0 failed with -2
[    0.068002] NMI watchdog: Perf NMI watchdog permanently disabled
[    0.072040] smp: Bringing up secondary CPUs ...
[    0.076096] x86: Booting SMP configuration:
[    0.077771] .... node  #0, CPUs:      #1
[    0.004000] kvm-clock: cpu 1, msr 0:3ff44041, secondary cpu clock
[    0.004000] mce: CPU supports 0 MCE banks
[    0.087221] smp: Brought up 1 node, 2 CPUs
[    0.088006] smpboot: Max logical packages: 1
[    0.092004] smpboot: Total of 2 processors activated (6432.00 BogoMIPS)
[    0.096138] devtmpfs: initialized
[    0.100059] x86/mm: Memory block size: 128MB
[    0.104143] evm: security.selinux
[    0.105387] evm: security.SMACK64
[    0.108004] evm: security.SMACK64EXEC
[    0.109352] evm: security.SMACK64TRANSMUTE
[    0.110884] evm: security.SMACK64MMAP
[    0.112003] evm: security.apparmor
[    0.116002] evm: security.ima
[    0.120003] evm: security.capability
[    0.124091] clocksource: jiffies: mask: 0xffffffff max_cycles: 0xffffffff, max_idle_ns: 7645041785100000 ns
[    0.128016] futex hash table entries: 512 (order: 3, 32768 bytes)
[    0.132069] pinctrl core: initialized pinctrl subsystem
[    0.137674] RTC time: 18:41:21, date: 05/20/19
[    0.140229] NET: Registered protocol family 16
[    0.144082] audit: initializing netlink subsys (disabled)
[    0.146046] audit: type=2000 audit(1558377684.125:1): state=initialized audit_enabled=0 res=1
[    0.292006] cpuidle: using governor ladder
[    0.296009] cpuidle: using governor menu
[    0.300044] ACPI: bus type PCI registered
[    0.301309] acpiphp: ACPI Hot Plug PCI Controller Driver version: 0.5
[    0.304134] PCI: Using configuration type 1 for base access
[    0.308995] HugeTLB registered 2.00 MiB page size, pre-allocated 0 pages
[    0.312124] ACPI: Added _OSI(Module Device)
[    0.314012] ACPI: Added _OSI(Processor Device)
[    0.316012] ACPI: Added _OSI(3.0 _SCP Extensions)
[    0.318025] ACPI: Added _OSI(Processor Aggregator Device)
[    0.320012] ACPI: Added _OSI(Linux-Dell-Video)
[    0.321850] ACPI: Added _OSI(Linux-Lenovo-NV-HDMI-Audio)
[    0.324011] ACPI: Added _OSI(Linux-HPI-Hybrid-Graphics)
[    0.326542] ACPI: Executed 1 blocks of module-level executable AML code
[    0.334441] ACPI: Interpreter enabled
[    0.336032] ACPI: (supports S0 S5)
[    0.340009] ACPI: Using IOAPIC for interrupt routing
[    0.344608] PCI: Using host bridge windows from ACPI; if necessary, use "pci=nocrs" and report a bug
[    0.348876] ACPI: Enabled 2 GPEs in block 00 to 07
[    0.371865] ACPI: PCI Root Bridge [PCI0] (domain 0000 [bus 00-ff])
[    0.372012] acpi PNP0A03:00: _OSC: OS supports [ASPM ClockPM Segments MSI]
[    0.376079] acpi PNP0A03:00: _OSC: not requesting OS control; OS requires [ExtendedConfig ASPM ClockPM MSI]
[    0.380017] acpi PNP0A03:00: fail to add MMCONFIG information, can't access extended PCI configuration space under this bridge.
[    0.384513] PCI host bridge to bus 0000:00
[    0.388005] pci_bus 0000:00: root bus resource [io  0x0000-0x0cf7 window]
[    0.392011] pci_bus 0000:00: root bus resource [io  0x0d00-0xffff window]
[    0.396012] pci_bus 0000:00: root bus resource [mem 0x000a0000-0x000bffff window]
[    0.400009] pci_bus 0000:00: root bus resource [mem 0x40000000-0xfdffffff window]
[    0.404008] pci_bus 0000:00: root bus resource [bus 00-ff]
[    0.414943] pci 0000:00:01.1: legacy IDE quirk: reg 0x10: [io  0x01f0-0x01f7]
[    0.416004] pci 0000:00:01.1: legacy IDE quirk: reg 0x14: [io  0x03f6]
[    0.420004] pci 0000:00:01.1: legacy IDE quirk: reg 0x18: [io  0x0170-0x0177]
[    0.424004] pci 0000:00:01.1: legacy IDE quirk: reg 0x1c: [io  0x0376]
[    0.449502] pci 0000:00:07.0: quirk: [io  0x4000-0x403f] claimed by PIIX4 ACPI
[    0.452036] pci 0000:00:07.0: quirk: [io  0x4100-0x410f] claimed by PIIX4 SMB
[    0.470527] ACPI: PCI Interrupt Link [LNKA] (IRQs 5 9 10 *11)
[    0.472361] ACPI: PCI Interrupt Link [LNKB] (IRQs 5 9 *10 11)
[    0.476172] ACPI: PCI Interrupt Link [LNKC] (IRQs 5 *9 10 11)
[    0.480175] ACPI: PCI Interrupt Link [LNKD] (IRQs 5 9 10 *11)
[    0.484416] SCSI subsystem initialized
[    0.488058] pci 0000:00:02.0: vgaarb: setting as boot VGA device
[    0.492000] pci 0000:00:02.0: vgaarb: VGA device added: decodes=io+mem,owns=io+mem,locks=none
[    0.492006] pci 0000:00:02.0: vgaarb: bridge control possible
[    0.496003] vgaarb: loaded
[    0.500036] ACPI: bus type USB registered
[    0.501527] usbcore: registered new interface driver usbfs
[    0.504015] usbcore: registered new interface driver hub
[    0.508026] usbcore: registered new device driver usb
[    0.512071] EDAC MC: Ver: 3.0.0
[    0.516419] PCI: Using ACPI for IRQ routing
[    0.520504] NetLabel: Initializing
[    0.524002] NetLabel:  domain hash size = 128
[    0.528003] NetLabel:  protocols = UNLABELED CIPSOv4 CALIPSO
[    0.532023] NetLabel:  unlabeled traffic allowed by default
[    0.540011] clocksource: Switched to clocksource kvm-clock
[    0.572145] S:isquta duo_66.
[    0.841854] VFS: Dquot-cache hash table entries: 51 (rdrr 0, 96bytes)
[    0.975514] AppArmor: AppArmor Filesystem Enabled
[    0.976953] pnp: PnP ACPI init
[    0.980227] pnp: PnP ACPI: found 3 devices

[    0.994800] clocksource: acpi_pm: mask: 0xffffff max_cycles: 0xffffff, max_idle_ns: 2085701024 ns
[    0.998193] NET: Registered protocol family 2
[    1.001720] TCP established hash table entries: 8192 (order: 4, 65536 bytes)
[    1.004937] TCP bind hash table entries: 8192 (order: 5, 131072 bytes)
[    1.007146] TCP: Hash tables configured (established 8192bind 8192)
[    1.062913] UDP hash table entries: 512 (order: 2, 16384 bytes)
[    1.066738] UDP-Lite hash table entries: 512 (order: 2, 16384 bytes)
[    1.076996] NET: Registered protocol family 1
[    1.078673] pci 0000:00:00.0: Limiting direct PCI/PCI transfers
[    1.081122] pci 0000:00:01.0: Activating ISA DMA hang workarond
  1.2746 pi 00:0:0.0 Vde dvie it sadwe ROM at [mem 0x000c0000-0x000dffff]
[    1.587633] Unpacking initramfs...

[    1.844070] Freeing initrd memory: 19508K
[    1.885036] clocksource: tsc: mask: 0xffffffffffffffff max_cycles: 0x172daa3a18b, max_idle_ns: 440795212390 ns
[    1.914821] platform rtc_cmos: registered platform RTC device (no PNP device found)
[    1.948772] Scanning for low memory corruption every 60 seconds
[    1.990308] Initialise system trusted keyrings
[    2.029529] Key type blacklist registered
[    2.064537] workingset: timestamp_bits=36 max_order=18 bucket_order=0
[    2.094314] zbud: loaded
[    2.096037] squashfs: version 4.0 (2009/01/31) Phillip Lougher
[    2.098479] fuse init (API version 7.26)
[    2.104924] Key type asymmetric registered
[    2.106661] Asymmetric key parser 'x509' registered
[    2.109069] Block layer SCSI generic (bsg) driver version 0.4 loaded (major 246)
[    2.112169] io scheduler noop registered
[    2.113648] io scheduler deadline registered
[    2.115334] io scheduler cfq registered (default)
[    2.117638] ACPI: AC Adapter [AC] (off-line)
[    2.118949] input: Power Button as /devices/LNXSYSTM:00/LNXPWRBN:00/input/input0
[    2.122125] ACPI: Power Button [PWRF]
[    2.123902] input: Sleep Button as /devices/LNXSYSTM:00/LNXSLPBN:00/input/input1
[    2.126758] ACPI: Sleep Button [SLPF]
[    2.133182] ACPI: Battery Slot [BAT0] (battery present)
[    2.133242] Serial: 8250/16550 driver, 32 port, IRQ sarngenle
[    2.168929] 00:02: ttyS0 at I/O 0x3f8 (irq = 4, base_baud = 115200) is a 16550A
[    2.349752] Linux agpgart interface v0.103
[    2.379131] loop: module loaded
[    2.398085] scsi host0: ata_piix
[    2.426417] scsi host1: ata_piix
[    2.455575] ata1: PATA max UDMA/33 cmd 0x1f0 ctl 0x3f6 bmdma 0xd000 irq 14
[    2.592892] ata2: PATA max UDMA/33 cmd 0x170 ctl 0x376 bmdma 0xd008 irq 15
[    2.665716] libphy: Fixed MDIO Bus: probed
[    2.705976] tun: Universal TUN/TAP device driver, 1.6
[    2.715194] PPP generic driver version 2.4.2
[    2.724529] ehci_hcd: USB 2.0 'Enhanced' Host Controller (EHCI) Driver
[    2.726704] ehci-pci: EHCI PCI platform driver
[    2.735631] ehci-platform: EHCI generic platform driver
[    2.805428] ohci_hcd: USB 1.1 'Open' Host Controller (OHCI) Driver
[    2.896456] ohci-pci: OHCI PCI platform driver
[    2.935842] ohci-platform: OHCI generic platform driver
[    2.994648] uhci_hcd: USB Universal Host Controller Interface driver
[    3.076198] i8042: PNP: PS/2 Controller [PNP0303:PS2K,PNP0f03:PS2M] at 0x60,0x64 irq 1,12
[    3.166665] serio: i8042 KBD port at 0x60,0x64 irq 1
[    3.215572] serio: i8042 AUX port at 0x60,0x64 irq 12
[    3.217723] mousedev: PS/2 mouse device common for all mice
[    3.220225] input: AT Translated Set 2 keyboard as /devices/platform/i8042/serio0/input/input2
[    3.223912] rtc_cmos rtc_cmos: rtc core: registered rtc_cmos as rtc0
[    3.226659] rtc_cmos rtc_cmos: alarms up to one day, 114 bytes nvram
[    3.229001] i2c /dev entries driver
[    3.230322] pcie_mp2_amd: AMD(R) PCI-E MP2 Communication Driver Version: 1.0
[    3.232970] device-mapper: uevent: version 1.0.3
[    3.234655] device-mapper: ioctl: 4.37.0-ioctl (2017-09-20) initialised: dm-devel@redhat.com
[    3.237182] ledtrig-cpu: registered to indicate activity on CPUs
[    3.241173] NET: Registered protocol family 10
[    3.254548] Segment Routing with IPv6
[    3.257181] NET: Registered protocol family 17
[    3.260160] Key type dns_resolver registered
[    3.263471] RAS: Correctable Errors collector initialized.
[    3.269956] sched_clock: Marking stable (3269927305, 0)->(6910848538, -3640921233)
[    3.276995] registered taskstats version 1
[    3.280488] Loading compiled-in X.509 certificates
[    3.289583] Loaded X.509 cert 'Build time autogenerated kernel key: 0d5cb4b7de8533fd8e7240d711ae9d354ea3dca1'
[    3.296902] zswap: loaded using pool lzo/zbud
[    3.307819] Key type big_key registered
[    3.309656] Key type trusted registered
[    3.316650] Key type encrypted registered
[    3.318073] AppArmor: AppArmor sha1 policy hashing enabled
[    3.321636] ima: No TPM chip found, activating TPM-bypass! (rc=-19)
[    3.396247] ima: Allocated hash algorithm: sha1
[    3.429528] evm: HMAC attrs: 0x1
[    3.437643]   Magic number: 3:539:696
[    3.439299] rtc_cmos rtc_cmos: setting system clock to 2019-05-20 18:41:25 UTC (1558377685)
[    3.566149] BIOS EDD facility v0.16 2004-Jun-25, 0 devices found
[    3.616375] EDD information not available.
[    3.667013] Freeing unused kernel image memory: 2412K
[    3.688412] Write protecting the kernel read-only data: 20480k
[    3.746254] Freeing unused kernel image memory: 2008K
[    3.826029] Freeing unused kernel image memory: 1868K
[    3.832282] x86/mm: Checked W+X mappings: passed, no W+X pages found.
[    3.886135] x86/mm: Checking user space page tables
[    3.908937] x86/mm: Checked W+X mappings: passed, no W+X pages found.
Loading, please wait...
starting version 237
[    4.107349] e1000: Intel(R) PRO/1000 Network Driver - version 7.3.21-k8-NAPI
[    4.109464] e1000: Copyright (c) 1999-2006 Intel Corporation.
[    4.128803] Fusion MPT base driver 3.04.20
[    4.130137] Copyright (c) 1999-2008 LSI Corporation
[    4.142317] AVX2 version of gcm_enc/dec engaged.
[    4.144067] AES CTR mode by8 optimization enabled
[    4.155812] Fusion MPT SPI Host driver 3.04.20
[    4.361769] input: ImExPS/2 Generic Explorer Mouse as /devices/platform/i8042/serio1/input/input4
[    4.621011] e1000 0000:00:03.0 eth0: (PCI:33MHz:32-bit) 02:1e:30:9c:a3:c0
[    4.629023] e1000 0000:00:03.0 eth0: Intel(R) PRO/1000 Network Connection
[    5.941406] e1000 0000:00:08.0 eth1: (PCI:33MHz:32-bit) 08:00:27:94:1e:ba
[    6.622888] e1000 0000:00:08.0 eth1: Intel(R) PRO/1000 Network Connection
[    6.630181] e1000 0000:00:03.0 enp0s3: renamed from eth0
[    6.635174] mptbase: ioc0: Initiating bringup
[    6.648835] e1000 0000:00:08.0 enp0s8: renamed from eth1
[    6.748496] ioc0: LSI53C1030 A0: Capabilities={Initiator}
[    7.054773] scsi host2: ioc0: LSI53C1030 A0, FwRev=00000000h, Ports=1, MaxQ=256, IRQ=20
[    7.365857] scsi 2:0:0:0: Direct-Access     VBOX     HARDDISK         1.0  PQ: 0 ANSI: 5
[    7.945395] scsi target2:0:0: Beginning Domain Validation
[    8.092233] scsi target2:0:0: Domain Validation skipping write tests
[    8.094092] scsi target2:0:0: Ending Domain Validation
[    8.095701] scsi target2:0:0: asynchronous
[    8.097320] scsi 2:0:1:0: Direct-Access     VBOX     HARDDISK         1.0  PQ: 0 ANSI: 5
[    9.168295] scsi target2:0:1: Beginning Domain Validation
[   10.157903] random: fast init done
[   10.160292] scsi target2:0:1: Domain Validation skipping write tests
[   10.162375] scsi target2:0:1: Ending Domain Validation
[   10.164098] scsi target2:0:1: asynchronous
[   10.180019] random: systemd-udevd: uninitialized urandom read (16 bytes read)
[   11.197174] sd 2:0:0:0: Attached scsi generic sg0 type 0
[   11.197322] sd 2:0:1:0: Attached scsi generic sg1 type 0
[   11.239549] random: systemd-udevd: uninitialized urandom read (16 bytes read)
[   11.243330] random: systemd-udevd: uninitialized urandom read (16 bytes read)
[   11.251962] random: systemd-udevd: uninitialized urandom read (16 bytes read)
[   11.252051] sd 2:0:0:0: [sda] 20971520 512-byte logical blocks: (10.7 GB/10.0 GiB)
[   11.252073] sd 2:0:1:0: [sdb] 20480 512-byte logical blocks: (10.5 MB/10.0 MiB)
[   11.270812] sd 2:0:0:0: [sda] Write Protect is off
[   11.270836] sd 2:0:1:0: [sdb] Write Protect is off
[   11.297202] sd 2:0:0:0: [sda] Incomplete mode parameter data
[   11.297204] sd 2:0:0:0: [sda] Assuming drive cache: write through
[   11.297237] sd 2:0:1:0: [sdb] Incomplete mode parameter data
[   11.297238] sd 2:0:1:0: [sdb] Assuming drive cache: write through
[   11.540079]  sda: sda1
[   11.590003] sd 2:0:0:0: [sda] Attached SCSI disk
[   11.656699] sd 2:0:1:0: [sdb] Attached SCSI disk
Begin: Loading essential drivers ... [   13.088202] raid6: sse2x1   gen() 12098 MB/s
[   13.164236] raid6: sse2x1   xor()  8750 MB/s
[   13.216273] raid6: sse2x2   gen() 14901 MB/s
[   13.276207] raid6: sse2x2   xor()  9921 MB/s
[   13.348089] raid6: sse2x4   gen() 10534 MB/s
[   13.396159] raid6: sse2x4   xor()  3383 MB/s
[   13.444223] raid6: avx2x1   gen() 19577 MB/s
[   13.496239] raid6: avx2x1   xor() 14241 MB/s
[   13.548228] raid6: avx2x2   gen() 27315 MB/s
[   13.620250] raid6: avx2x2   xor() 18213 MB/s
[   13.700218] raid6: avx2x4   gen() 33405 MB/s
[   13.776322] raid6: avx2x4   xor() 20457 MB/s
[   13.811356] raid6: using algorithm avx2x4 gen() 33405 MB/s
[   13.865857] raid6: .... xor() 20457 MB/s, rmw enabled
[   13.892851] raid6: using avx2x2 recovery algorithm
[   13.945605] xor: automatically using best checksumming function   avx       
[   14.047312] async_tx: api initialized (async)
done.
Begin: Running /scripts/init-premount ... done.
Begin: Mounting root file system ... Begin: Running /scripts/local-top ... done.
Begin: Running /scripts/local-premount ... [   14.128656] Btrfs loaded, crc32c=crc32c-intel
Scanning for Btrfs filesystems
done.
Warning: fsck no[   14.209086] EXT4-fs (sda1): mounted filesystem with ordered data mode. Opts: (null)
t present, so skipping root file system
done.
Begin: Running /scripts/local-bottom ... done.
Begin: Running /scripts/init-bottom ... done.
[   14.482438] ip_tables: (C) 2000-2006 Netfilter Core Team
[   14.501946] systemd[1]: systemd 237 running in system mode. (+PAM +AUDIT +SELINUX +IMA +APPARMOR +SMACK +SYSVINIT +UTMP +LIBCRYPTSETUP +GCRYPT +GNUTLS +ACL +XZ +LZ4 +SECCOMP +BLKID +ELFUTILS +KMOD -IDN2 +IDN -PCRE2 default-hierarchy=hybrid)
[   15.366580] systemd[1]: Detected virtualization oracle.
[   15.368626] systemd[1]: Detected architecture x86-64.

Welcome to [1mUbuntu 18.04.2 LTS[0m!

[   15.427076] systemd[1]: Set hostname to <ubuntu-bionic>.
[   16.408614] systemd[1]: Reached target User and Group Name Lookups.
[[0;32m  OK  [0m] Reached target User and Group Name Lookups.
[   16.423601] systemd[1]: Started Forward Password Requests to Wall Directory Watch.
[[0;32m  OK  [0m] Started Forward Password Requests to Wall Directory Watch.
[   16.965200] systemd[1]: Reached target System Time Synchronized.
[[0;32m  OK  [0m] Reached target System Time Synchronized.
[   17.115801] systemd[1]: Created slice User and Session Slice.
[[0;32m  OK  [0m] Created slice User and Session Slice.
[   18.128591] systemd[1]: Reached target Swap.
[[0;32m  OK  [0m] Reached target Swap.
[   18.926072] systemd[1]: Created slice System Slice.
[[0;32m  OK  [0m] Created slice System Slice.
[[0;32m  OK  [0m] Listening on LVM2 metadata daemon socket.
[[0;32m  OK  [0m] Listening on LVM2 poll daemon socket.
[[0;32m  OK  [0m] Listening on Journal Audit Socket.
[[0;32m  OK  [0m] Listening on Device-mapper event daemon FIFOs.
[   19.507955] systemd[1]: Listening on Syslog Socket.
[[0;32m  OK  [0m] Listening on Syslog Socket.
[   20.085426] systemd[1]: Created slice system-serial\x2dgetty.slice.
[[0;32m  OK  [0m] Created slice system-serial\x2dgetty.slice.
[   20.094505] systemd[1]: Listening on udev Control Socket.
[[0;32m  OK  [0m] Listening on udev Control Socket.
[   20.102284] systemd[1]: Reached target Slices.
[[0;32m  OK  [0m] Reached target Slices.
[   20.125807] systemd[1]: Listening on udev Kernel Socket.
[[0;32m  OK  [0m] Listening on udev Kernel Socket.
[   20.924902] systemd[1]: Listening on /dev/initctl Compatibility Named Pipe.
[[0;32m  OK  [0m] Listening on /dev/initctl Compatibility Named Pipe.
[   21.969105] systemd[1]: Listening on Network Service Netlink Socket.
[[0;32m  OK  [0m] Listening on Network Service Netlink Socket.
[   22.472808] systemd[1]: Listening on Journal Socket.
[[0;32m  OK  [0m] Listening on Journal Socket.
[   22.510999] systemd[1]: Mounting Kernel Debug File System...
         Mounting Kernel Debug File System...
[   22.529820] systemd[1]: Starting Set the console keyboard layout...
         Starting Set the console keyboard layout...
         Mounting Huge Pages File System...
         Starting Monitoring of LVM2 mirrors…ng dmeventd or progress polling...
         Mounting POSIX Message Queue File System...
         Starting Remount Root and Kernel File Systems...
         Starting Create list of required st…ce nodes for the current kernel...
         Starting Uncomplicated [   22.659385] EXT4-fs (sda1): re-mounted. Opts: (null)
firewall...
[[0;32m  OK  [0m] Listening on Journal Socket (/dev/log).
         Starting Journal Service...
[[0;32m  OK  [0m] Set up automount Arbitrary Executab…rmats File System Automount Point.
         Starting udev Coldplug all Devices...
         Starting Load Kernel Modules...
[[0;32m  OK  [0m] Mounted Kernel Debug File System.
[[0;32m  OK  [0m] Mounted Huge Pages File System.
[[0;32m  OK  [0m] Mounted POSIX Message Queue File System.
[[0;32m  OK  [0[   22.858693] random: crng init done
m] Started Remou[   22.864284] random: 6 urandom warning(s) missed due to ratelimiting
nt Root and Kernel File Systems.
[   22.884348] Loading iSCSI transport class v2.0-870.
[[0;32m  OK  [0m] Started Create list of required sta…vice nodes for the current kernel.
[[0;32m  OK  [0m] Started Uncomplicated firewall.
[[0;32m  OK  [0m] Started LVM2 metadata daemon.
         Starting Create Static Device Nodes in /dev...
[   22.931784] iscsi: registered transport (tcp)
         Starting Load/Save Random Seed...
         Starting Initial cloud-init job (pre-networking)...
[[0;32m  OK  [0m] Started Journal Service.
[[0;32m  OK  [0m] Started Set the console keyboard layout.
[[0;32m  OK  [0m] Started Monitoring of LVM2 mirrors,…sing dmeventd or progress polling.
[[0;32m  OK  [0m] Started udev Coldplug all Devices.
[[0;32m  OK  [0m] Started Load/Save Random Seed.
         Starting Flush Journal to Persistent Storage...
[[0;32m  OK  [0m] Started Create Static Device Nodes in /dev.
[[0;32m  OK  [0m] Reached target Local File Systems (Pre).
[[0;32m  OK  [0m] Reached target Local File Systems.
         Starting ebtables ruleset management...
[   23.099193] iscsi: registered transport (iser)
         Starting Tell Plymouth To Write Out Runtime Data...
         Starting AppArmor initialization...
         Starting Set console font and keymap...
         Starting udev Kernel Device Manager...
[[0;32m  OK  [0m] Started Load Kernel Modules.
         Mounting FUSE Control File System...
         Starting Apply Kernel Variables...
         Mounting Kernel Configuration File System...
[[0;32m  OK  [0m] Mounted FUSE Control File System.
[[0;32m  OK  [0m] Mounted Kernel Configuration File System.
[[0;32m  OK  [0m] Started Tell Plymouth To Write Out Runtime Data.
[[0;32m  OK  [0m] Started Set console font and keymap.
[   23.271798] systemd-journald[407]: Received request to flush runtime journal from PID 1
[[0;32m  OK  [0m] Started udev Kernel Device Manager.
[[0;32m  OK  [0m] Started Dispatch Password Requests to Console Directory Watch.
[[0;32m  OK  [0m] Reached target Local Encrypted Volumes.
[[0;32m  OK  [0m] Started Apply Kernel Variables.
[[0;32m  OK  [0m] Started ebtables ruleset management.
[[0;32m  OK  [0m] Found device /dev/ttyS0.
[[0;32m  OK  [0m] Started Flush Journal to Persistent Storage.
         Starting Create Volatile Files and Directories...
[[0;32m  OK  [0m] Started Create Volatile Files and Directories.
         Starting Update UTMP about System Boot/Shutdown...
[[0;32m  OK  [0m] Listening on Load/Save RF Kill Switch Status /dev/rfkill Watch.
[[0;32m  OK  [0m] Started Update UTMP about System Boot/Shutdown.
[[0;32m  OK  [0m] Started AppArmor initialization.
[   25.072561] cloud-init[416]: Cloud-init v. 18.5-45-g3554ffe8-0ubuntu1~18.04.1 running 'init-local' at Mon, 20 May 2019 18:41:46 +0000. Up 24.81 seconds.
[[0;32m  OK  [0m] Started Initial cloud-init job (pre-networking).
[[0;32m  OK  [0m] Reached target Network (Pre).
         Starting Network Service...
[[0;32m  OK  [0m] Started Network Service.
         Starting Network Name Resolution...
         Starting Wait for Network to be Configured...
[[0;32m  OK  [0m] Started Network Name Resolution.
[[0;32m  OK  [0m] Reached target Network.
[[0;32m  OK  [0m] Reached target Host and Network Name Lookups.
[[0;32m  OK  [0m] Started Wait for Network to be Configured.
         Starting Initial cloud-init job (metadata service crawler)...
[   27.688357] cloud-init[693]: Cloud-init v. 18.5-45-g3554ffe8-0ubuntu1~18.04.1 running 'init' at Mon, 20 May 2019 18:41:49 +0000. Up 27.50 seconds.
[   27.724637] cloud-init[693]: ci-info: ++++++++++++++++++++++++++++++++++++++Net device info+++++++++++++++++++++++++++++++++++++++
[   27.769104] cloud-init[693]: ci-info: +--------+------+-----------------------------+---------------+--------+-------------------+
[   27.796968] cloud-init[693]: ci-info: | Device |  Up  |           Address           |      Mask     | Scope  |     Hw-Address    |
[   27.856478] cloud-init[693]: ci-info: +--------+------+-----------------------------+---------------+--------+-------------------+
[   27.900474] cloud-init[693]: ci-info: | enp0s3 | True |          10.0.2.15          | 255.255.255.0 | global | 02:1e:30:9c:a3:c0 |
[   27.931622] cloud-init[693]: ci-info: | enp0s3 | True |  fe80::1e:30ff:fe9c:a3c0/64 |       .       |  link  | 02:1e:30:9c:a3:c0 |
[   27.952526] cloud-init[693]: ci-info: | enp0s8 | True |        192.168.33.10        | 255.255.255.0 | global | 08:00:27:94:1e:ba |
[   27.973262] cloud-init[693]: ci-info: | enp0s8 | True | fe80::a00:27ff:fe94:1eba/64 |       .       |  link  | 08:00:27:94:1e:ba |
[   27.996545] cloud-init[693]: ci-info: |   lo   | True |          127.0.0.1          |   255.0.0.0   |  host  |         .         |
[   28.029007] cloud-init[693]: ci-info: |   lo   | True |           ::1/128           |       .       |  host  |         .         |
[[   28.056549] cloud-init[693]: ci-info: +--------+------+-----------------------------+---------------+--------+-------------------+
[   28.056934] cloud-init[693]: ci-info: +++++++++++++++++++++++++++++Route IPv4 info+++++++++++++++++++++++++++++
[   28.057303] cloud-init[693]: ci-info: +-------+--------------+----------+-----------------+-----------+-------+
[   28.057716] cloud-init[693]: ci-info: | Route | Destination  | Gateway  |     Genmask     | Interface | Flags |
[   28.058077] cloud-init[693]: ci-info: +-------+--------------+----------+-----------------+-----------+-------+
[   28.058519] cloud-init[693]: ci-info: |   0   |   0.0.0.0    | 10.0.2.2 |     0.0.0.0     |   enp0s3  |   UG  |
[   28.058887] cloud-init[693]: ci-info: |   1   |   10.0.2.0   | 0.0.0.0  |  255.255.255.0  |   enp0s3  |   U   |
[   28.059269] cloud-init[693]: ci-info: |   2   |   10.0.2.2   | 0.0.0.0  | 255.255.255.255 |   enp0s3  |   UH  |
[   28.059660] cloud-init[693]: ci-info: |   3   | 192.168.33.0 | 0.0.0.0  |  255.255.255.0  |   enp0s8  |   U   |
[   28.060138] cloud-init[693]: ci-info: +-------+--------------+----------+-----------------+-----------+-------+
[   28.060547] cloud-init[693]: ci-info: +++++++++++++++++++Route IPv6 info+++++++++++++++++++
[   28.060867] cloud-init[693]: ci-info: +-------+-------------+---------+-----------+-------+
[0;32m  OK  [0m] Started Initial cloud-init job (metadata service crawler).
[   28.061658] cloud-init[693]: ci-info: | Route | Destination | Gateway | Interface | Flags |
[[   28.561672] cloud-init[693]: ci-info: +-------+-------------+---------+-----------+-------+
[   28.562288] cloud-init[693]: ci-info: |   1   |  fe80::/64  |    ::   |   enp0s8  |   U   |
[   28.563346] cloud-init[693]: ci-info: |   2   |  fe80::/64  |    ::   |   enp0s3  |   U   |
[   28.563989] cloud-init[693]: ci-info: |   4   |    local    |    ::   |   enp0s3  |   U   |
[   28.564938] cloud-init[693]: ci-info: |   5   |    local    |    ::   |   enp0s8  |   U   |
[   28.565354] cloud-init[693]: ci-info: |   6   |   ff00::/8  |    ::   |   enp0s8  |   U   |
[   28.565772] cloud-init[693]: ci-info: |   7   |   ff00::/8  |    ::   |   enp0s3  |   U   |
[   28.566197] cloud-init[693]: ci-info: +-------+-------------+---------+-----------+-------+
[0;32m  OK  [0m] Reached target Cloud-config availability.
[[0;32m  OK  [0m] Reached target System Initialization.
[[0;32m  OK  [0m] Started Discard unused blocks once a week.
[[0;32m  OK  [0m] Started Message of the Day.
[[0;32m  OK  [0m] Started Daily apt download activities.
[[0;32m  OK  [0m] Started Daily apt upgrade and clean activities.
         Starting Socket activation for snappy daemon.
[[0;32m  OK  [0m] Listening on D-Bus System Message Bus Socket.
[[0;32m  OK  [0m] Listening on ACPID Listen Socket.
[[0;32m  OK  [0m] Listening on Open-iSCSI iscsid Socket.
         Starting LXD - unix socket.
[[0;32m  OK  [0m] Started ACPI Events Check.
[[0;32m  OK  [0m] Reached target Paths.
[[0;32m  OK  [0m] Listening on UUID daemon activation socket.
[[0;32m  OK  [0m] Started Daily Cleanup of Temporary Directories.
[[0;32m  OK  [0m] Reached target Timers.
[[0;32m  OK  [0m] Reached target Network is Online.
         Starting Availability of block devices...
[[0;32m  OK  [0m] Reached target Remote File Systems (Pre).
[[0;32m  OK  [0m] Reached target Remote File Systems.
[[0;32m  OK  [0m] Listening on Socket activation for snappy daemon.
[[0;32m  OK  [0m] Listening on LXD - unix socket.
[[0;32m  OK  [0m] Started Availability of block devices.
[[0;32m  OK  [0m] Reached target Sockets.
[[0;32m  OK  [0m] Reached target Basic System.
         Starting Permit User Sessions...
[[0;32m  OK  [0m] Started Regular background program processing daemon.
         Starting LSB: automatic crash report generation...
         Starting Dispatcher daemon for systemd-networkd...
         Starting LXD - container startup/shutdown...
         Starting Login Service...
         Starting LSB: Record successful boot for GRUB...
[[0;32m  OK  [0m] Started D-Bus System Message Bus.
         Starting Accounts Service...
         Starting Virtualbox guest utils...
         Starting OpenBSD Secure Shell server...
[[0;32m  OK  [0m] Started FUSE filesystem for LXC.
[[0;32m  OK  [0m] Started Deferred execution scheduler.
[[0;32m  OK  [0m] Started irqbalance daemon.
         Starting System Logging Service...
         Starting Snappy daemon...
[[0;32m  OK  [0m] Started System Logging Service.
[[0;32m  OK  [0m] Started Permit User Sessions.
[[0;32m  OK  [0m] Started LXD - container startup/shutdown.
[[0;32m  OK  [0m] Started Dispatcher daemon for systemd-networkd.
[[0;32m  OK  [0m] Started OpenBSD Secure Shell server.
[[0;32m  OK  [0m] Started Login Service.
[[0;32m  OK  [0m] Started LSB: automatic crash report generation.
         Starting Authorization Manager...
[[0;32m  OK  [0m] Started Unattended Upgrades Shutdown.
         Starting Terminate Plymouth Boot Screen...
         Starting Hold until boot process finishes up...
[[0;32m  OK  [0m] Started Terminate Plymouth Boot Screen.
[[0;32m  OK  [0m] Started LSB: Record successful boot for GRUB.
[[0;32m  OK  [0m] Started Hold until boot process finishes up.
         Starting Set console scheme...
[[0;32m  OK  [0m] Started Serial Getty on ttyS0.
[[0;32m  OK  [0m] Started Set console scheme.
[[0;32m  OK  [0m] Created slice system-getty.slice.
[[0;32m  OK  [0m] Started Getty on tty1.
[[0;32m  OK  [0m] Reached target Login Prompts.
[[0;32m  OK  [0m] Started Snappy daemon.
[[0;32m  OK  [0m] Started Authorization Manager.
[[0;32m  OK  [0m] Started Accounts Service.
         Starting Wait until snapd is fully seeded...
[[0;32m  OK  [0m] Started Virtualbox guest utils.
[[0;32m  OK  [0m] Created slice User Slice of vagrant.
         Starting User Manager for UID 1000...
[[0;32m  OK  [0m] Started Wait until snapd is fully seeded.
         Starting Apply the settings specified in cloud-config...
[[0;32m  OK  [0m] Reached target Multi-User System.
[[0;32m  OK  [0m] Reached target Graphical Interface.
         Starting Update UTMP about System Runlevel Changes...
[[0;32m  OK  [0m] Started Session 1 of user vagrant.
[[0;32m  OK  [0m] Started Update UTMP about System Runlevel Changes.
[[0;32m  OK  [0m] Started User Manager for UID 1000.
[   31.317299] cloud-init[1062]: Cloud-init v. 18.5-45-g3554ffe8-0ubuntu1~18.04.1 running 'modules:config' at Mon, 20 May 2019 18:41:53 +0000. Up 31.17 seconds.
[[0;32m  OK  [0m] Started Apply the settings specified in cloud-config.
         Starting Execute cloud user/final scripts...
[   32.327435] cloud-init[1201]: Cloud-init v. 18.5-45-g3554ffe8-0ubuntu1~18.04.1 running 'modules:final' at Mon, 20 May 2019 18:41:54 +0000. Up 32.07 seconds.
[   32.334188] cloud-init[1201]: Cloud-init v. 18.5-45-g3554ffe8-0ubuntu1~18.04.1 finished at Mon, 20 May 2019 18:41:54 +0000. Datasource DataSourceNoCloud [seed=/dev/sdb][dsmode=net].  Up 32.31 seconds
[[0;32m  OK  [0m] Started Execute cloud user/final scripts.
[[0;32m  OK  [0m] Reached target Cloud-init target.

Ubuntu 18.04.2 LTS ubuntu-bionic ttyS0

ubuntu-bionic login: 