  [1m[35m (0.1ms)[0m  [1m[34mSELECT sqlite_version(*)[0m
  â†³ bin/rails:9
  [1m[35m (6.3ms)[0m  [1m[35mCREATE TABLE "schema_migrations" ("version" varchar NOT NULL PRIMARY KEY)[0m
  â†³ bin/rails:9
  [1m[35m (5.4ms)[0m  [1m[35mCREATE TABLE "ar_internal_metadata" ("key" varchar NOT NULL PRIMARY KEY, "value" varchar, "created_at" datetime NOT NULL, "updated_at" datetime NOT NULL)[0m
  â†³ bin/rails:9
  [1m[35m (0.9ms)[0m  [1m[34mSELECT "schema_migrations"."version" FROM "schema_migrations" ORDER BY "schema_migrations"."version" ASC[0m
  â†³ bin/rails:9
Migrating to CreateReviews (20190512204205)
  [1m[35m (0.1ms)[0m  [1m[36mbegin transaction[0m
  â†³ bin/rails:9
  [1m[35m (3.7ms)[0m  [1m[35mCREATE TABLE "reviews" ("id" integer PRIMARY KEY AUTOINCREMENT NOT NULL, "user_id" integer, "product_id" integer, "review_content" text, "created_at" datetime NOT NULL, "updated_at" datetime NOT NULL)[0m
  â†³ db/migrate/20190512204205_create_reviews.rb:3
  [1m[36mActiveRecord::SchemaMigration Create (1.6ms)[0m  [1m[32mINSERT INTO "schema_migrations" ("version") VALUES (?)[0m  [["version", "20190512204205"]]
  â†³ bin/rails:9
  [1m[35m (2.9ms)[0m  [1m[36mcommit transaction[0m
  â†³ bin/rails:9
  [1m[36mActiveRecord::InternalMetadata Load (1.3ms)[0m  [1m[34mSELECT  "ar_internal_metadata".* FROM "ar_internal_metadata" WHERE "ar_internal_metadata"."key" = ? LIMIT ?[0m  [["key", "environment"], ["LIMIT", 1]]
  â†³ bin/rails:9
  [1m[35m (0.1ms)[0m  [1m[36mbegin transaction[0m
  â†³ bin/rails:9
  [1m[36mActiveRecord::InternalMetadata Create (4.2ms)[0m  [1m[32mINSERT INTO "ar_internal_metadata" ("key", "value", "created_at", "updated_at") VALUES (?, ?, ?, ?)[0m  [["key", "environment"], ["value", "development"], ["created_at", "2019-05-12 20:47:05.027645"], ["updated_at", "2019-05-12 20:47:05.027645"]]
  â†³ bin/rails:9
  [1m[35m (9.2ms)[0m  [1m[36mcommit transaction[0m
  â†³ bin/rails:9
  [1m[35m (4.8ms)[0m  [1m[34mSELECT "schema_migrations"."version" FROM "schema_migrations" ORDER BY "schema_migrations"."version" ASC[0m
  â†³ bin/rails:9
  [1m[35m (0.9ms)[0m  [1m[34mSELECT "schema_migrations"."version" FROM "schema_migrations" ORDER BY "schema_migrations"."version" ASC[0m
  â†³ bin/rails:9
Migrating to CreateShipments (20190512204206)
  [1m[35m (0.1ms)[0m  [1m[36mbegin transaction[0m
  â†³ bin/rails:9
  [1m[35m (0.1ms)[0m  [1m[34mSELECT sqlite_version(*)[0m
  â†³ db/migrate/20190512204206_create_shipments.rb:3
  [1m[35m (3.2ms)[0m  [1m[35mCREATE TABLE "shipments" ("id" integer PRIMARY KEY AUTOINCREMENT NOT NULL, "user_id" integer, "ship_last_name" varchar, "ship_first_name" varchar, "ship_ruby_last_name" varchar, "ship_ruby_first_name" varchar, "ship_postcode" varchar, "ship_address" varchar, "created_at" datetime NOT NULL, "updated_at" datetime NOT NULL)[0m
  â†³ db/migrate/20190512204206_create_shipments.rb:3
  [1m[36mActiveRecord::SchemaMigration Create (0.7ms)[0m  [1m[32mINSERT INTO "schema_migrations" ("version") VALUES (?)[0m  [["version", "20190512204206"]]
  â†³ bin/rails:9
  [1m[35m (2.6ms)[0m  [1m[36mcommit transaction[0m
  â†³ bin/rails:9
  [1m[36mActiveRecord::InternalMetadata Load (2.0ms)[0m  [1m[34mSELECT  "ar_internal_metadata".* FROM "ar_internal_metadata" WHERE "ar_internal_metadata"."key" = ? LIMIT ?[0m  [["key", "environment"], ["LIMIT", 1]]
  â†³ bin/rails:9
  [1m[35m (0.2ms)[0m  [1m[36mbegin transaction[0m
  â†³ bin/rails:9
  [1m[35m (0.0ms)[0m  [1m[36mcommit transaction[0m
  â†³ bin/rails:9
  [1m[35m (1.3ms)[0m  [1m[34mSELECT "schema_migrations"."version" FROM "schema_migrations" ORDER BY "schema_migrations"."version" ASC[0m
  â†³ bin/rails:9
  [1m[35m (0.7ms)[0m  [1m[34mSELECT "schema_migrations"."version" FROM "schema_migrations" ORDER BY "schema_migrations"."version" ASC[0m
  â†³ bin/rails:9
Migrating to CreateOrders (20190512204207)
  [1m[35m (0.1ms)[0m  [1m[36mbegin transaction[0m
  â†³ bin/rails:9
  [1m[35m (0.2ms)[0m  [1m[34mSELECT sqlite_version(*)[0m
  â†³ db/migrate/20190512204207_create_orders.rb:3
  [1m[35m (3.3ms)[0m  [1m[35mCREATE TABLE "orders" ("id" integer PRIMARY KEY AUTOINCREMENT NOT NULL, "user_id" integer, "payment_method" integer, "ship_status" integer, "total_price" integer, "order_ship_last_name" varchar, "order_ship_first_name" varchar, "order_ship_ruby_last_name" varchar, "order_ship_ruby_first_name" varchar, "order_ship_post_code" varchar, "order_ship_address" varchar, "created_at" datetime NOT NULL, "updated_at" datetime NOT NULL)[0m
  â†³ db/migrate/20190512204207_create_orders.rb:3
  [1m[36mActiveRecord::SchemaMigration Create (1.6ms)[0m  [1m[32mINSERT INTO "schema_migrations" ("version") VALUES (?)[0m  [["version", "20190512204207"]]
  â†³ bin/rails:9
  [1m[35m (4.4ms)[0m  [1m[36mcommit transaction[0m
  â†³ bin/rails:9
  [1m[36mActiveRecord::InternalMetadata Load (2.2ms)[0m  [1m[34mSELECT  "ar_internal_metadata".* FROM "ar_internal_metadata" WHERE "ar_internal_metadata"."key" = ? LIMIT ?[0m  [["key", "environment"], ["LIMIT", 1]]
  â†³ bin/rails:9
  [1m[35m (0.1ms)[0m  [1m[36mbegin transaction[0m
  â†³ bin/rails:9
  [1m[35m (0.2ms)[0m  [1m[36mcommit transaction[0m
  â†³ bin/rails:9
  [1m[35m (1.1ms)[0m  [1m[34mSELECT "schema_migrations"."version" FROM "schema_migrations" ORDER BY "schema_migrations"."version" ASC[0m
  â†³ bin/rails:9
<<<<<<< HEAD
  [1m[35m (0.7ms)[0m  [1m[34mSELECT "schema_migrations"."version" FROM "schema_migrations" ORDER BY "schema_migrations"."version" ASC[0m
  â†³ bin/rails:9
Migrating to CreateUsers (20190512204208)
  [1m[35m (0.1ms)[0m  [1m[36mbegin transaction[0m
  â†³ bin/rails:9
  [1m[35m (0.3ms)[0m  [1m[34mSELECT sqlite_version(*)[0m
  â†³ db/migrate/20190512204208_create_users.rb:3
  [1m[35m (3.3ms)[0m  [1m[35mCREATE TABLE "users" ("id" integer PRIMARY KEY AUTOINCREMENT NOT NULL, "last_name" varchar, "first_name" varchar, "ruby_last_name" varchar, "ruby_first_name" varchar, "postcode" varchar, "address" varchar, "phone" varchar, "email" varchar, "password" varchar, "admin" boolean, "created_at" datetime NOT NULL, "updated_at" datetime NOT NULL)[0m
  â†³ db/migrate/20190512204208_create_users.rb:3
  [1m[36mActiveRecord::SchemaMigration Create (0.7ms)[0m  [1m[32mINSERT INTO "schema_migrations" ("version") VALUES (?)[0m  [["version", "20190512204208"]]
  â†³ bin/rails:9
  [1m[35m (3.7ms)[0m  [1m[36mcommit transaction[0m
  â†³ bin/rails:9
Migrating to AddDeletedAtToUsers (20190512204209)
  [1m[35m (0.1ms)[0m  [1m[36mbegin transaction[0m
  â†³ bin/rails:9
  [1m[35m (3.6ms)[0m  [1m[35mALTER TABLE "users" ADD "deleted_at" datetime[0m
  â†³ db/migrate/20190512204209_add_deleted_at_to_users.rb:3
  [1m[35m (0.1ms)[0m  [1m[35mCREATE  INDEX "index_users_on_deleted_at" ON "users" ("deleted_at")[0m
  â†³ db/migrate/20190512204209_add_deleted_at_to_users.rb:4
  [1m[36mActiveRecord::SchemaMigration Create (0.8ms)[0m  [1m[32mINSERT INTO "schema_migrations" ("version") VALUES (?)[0m  [["version", "20190512204209"]]
  â†³ bin/rails:9
  [1m[35m (2.9ms)[0m  [1m[36mcommit transaction[0m
  â†³ bin/rails:9
  [1m[36mActiveRecord::InternalMetadata Load (1.6ms)[0m  [1m[34mSELECT  "ar_internal_metadata".* FROM "ar_internal_metadata" WHERE "ar_internal_metadata"."key" = ? LIMIT ?[0m  [["key", "environment"], ["LIMIT", 1]]
  â†³ bin/rails:9
  [1m[35m (0.1ms)[0m  [1m[36mbegin transaction[0m
  â†³ bin/rails:9
  [1m[35m (0.1ms)[0m  [1m[36mcommit transaction[0m
  â†³ bin/rails:9
  [1m[35m (1.5ms)[0m  [1m[34mSELECT "schema_migrations"."version" FROM "schema_migrations" ORDER BY "schema_migrations"."version" ASC[0m
=======
  [1m[35m (1.7ms)[0m  [1m[34mSELECT "schema_migrations"."version" FROM "schema_migrations" ORDER BY "schema_migrations"."version" ASC[0m
  â†³ bin/rails:9
Migrating to CreateOrderItems (20190512204208)
  [1m[35m (0.1ms)[0m  [1m[36mbegin transaction[0m
  â†³ bin/rails:9
  [1m[35m (0.1ms)[0m  [1m[34mSELECT sqlite_version(*)[0m
  â†³ db/migrate/20190512204208_create_order_items.rb:3
  [1m[35m (2.8ms)[0m  [1m[35mCREATE TABLE "order_items" ("id" integer PRIMARY KEY AUTOINCREMENT NOT NULL, "order_id" integer, "product_id" integer, "order_item_number" integer, "order_item_price" integer, "created_at" datetime NOT NULL, "updated_at" datetime NOT NULL)[0m
  â†³ db/migrate/20190512204208_create_order_items.rb:3
  [1m[36mActiveRecord::SchemaMigration Create (0.9ms)[0m  [1m[32mINSERT INTO "schema_migrations" ("version") VALUES (?)[0m  [["version", "20190512204208"]]
  â†³ bin/rails:9
  [1m[35m (3.6ms)[0m  [1m[36mcommit transaction[0m
  â†³ bin/rails:9
  [1m[36mActiveRecord::InternalMetadata Load (1.2ms)[0m  [1m[34mSELECT  "ar_internal_metadata".* FROM "ar_internal_metadata" WHERE "ar_internal_metadata"."key" = ? LIMIT ?[0m  [["key", "environment"], ["LIMIT", 1]]
  â†³ bin/rails:9
  [1m[35m (0.0ms)[0m  [1m[36mbegin transaction[0m
  â†³ bin/rails:9
  [1m[35m (0.0ms)[0m  [1m[36mcommit transaction[0m
  â†³ bin/rails:9
  [1m[35m (1.7ms)[0m  [1m[34mSELECT "schema_migrations"."version" FROM "schema_migrations" ORDER BY "schema_migrations"."version" ASC[0m
>>>>>>> 7353540c768f79be6b5698d2534a9dc4febcc11d
  â†³ bin/rails:9
  [1m[35m (0.7ms)[0m  [1m[34mSELECT "schema_migrations"."version" FROM "schema_migrations" ORDER BY "schema_migrations"."version" ASC[0m
  â†³ bin/rails:9
  [1m[36mActiveRecord::InternalMetadata Load (1.0ms)[0m  [1m[34mSELECT  "ar_internal_metadata".* FROM "ar_internal_metadata" WHERE "ar_internal_metadata"."key" = ? LIMIT ?[0m  [["key", "environment"], ["LIMIT", 1]]
  â†³ bin/rails:9
  [1m[35m (0.0ms)[0m  [1m[36mbegin transaction[0m
  â†³ bin/rails:9
  [1m[35m (0.0ms)[0m  [1m[36mcommit transaction[0m
  â†³ bin/rails:9
  [1m[35m (0.9ms)[0m  [1m[34mSELECT "schema_migrations"."version" FROM "schema_migrations" ORDER BY "schema_migrations"."version" ASC[0m
  â†³ bin/rails:9
  [1m[35m (0.9ms)[0m  [1m[34mSELECT "schema_migrations"."version" FROM "schema_migrations" ORDER BY "schema_migrations"."version" ASC[0m
  â†³ bin/rails:9
  [1m[36mActiveRecord::InternalMetadata Load (1.2ms)[0m  [1m[34mSELECT  "ar_internal_metadata".* FROM "ar_internal_metadata" WHERE "ar_internal_metadata"."key" = ? LIMIT ?[0m  [["key", "environment"], ["LIMIT", 1]]
  â†³ bin/rails:9
  [1m[35m (0.1ms)[0m  [1m[36mbegin transaction[0m
  â†³ bin/rails:9
  [1m[35m (0.1ms)[0m  [1m[36mcommit transaction[0m
  â†³ bin/rails:9
  [1m[35m (0.6ms)[0m  [1m[34mSELECT "schema_migrations"."version" FROM "schema_migrations" ORDER BY "schema_migrations"."version" ASC[0m
  â†³ bin/rails:9
  [1m[35m (1.4ms)[0m  [1m[34mSELECT "schema_migrations"."version" FROM "schema_migrations" ORDER BY "schema_migrations"."version" ASC[0m
  â†³ bin/rails:9
  [1m[35m (1.1ms)[0m  [1m[34mSELECT "schema_migrations"."version" FROM "schema_migrations" ORDER BY "schema_migrations"."version" ASC[0m
  â†³ bin/rails:9
  [1m[36mActiveRecord::InternalMetadata Load (1.1ms)[0m  [1m[34mSELECT  "ar_internal_metadata".* FROM "ar_internal_metadata" WHERE "ar_internal_metadata"."key" = ? LIMIT ?[0m  [["key", "environment"], ["LIMIT", 1]]
  â†³ bin/rails:9
  [1m[35m (0.1ms)[0m  [1m[36mbegin transaction[0m
  â†³ bin/rails:9
  [1m[35m (0.0ms)[0m  [1m[36mcommit transaction[0m
  â†³ bin/rails:9
  [1m[35m (0.6ms)[0m  [1m[34mSELECT "schema_migrations"."version" FROM "schema_migrations" ORDER BY "schema_migrations"."version" ASC[0m
  â†³ bin/rails:9
  [1m[35m (0.8ms)[0m  [1m[34mSELECT "schema_migrations"."version" FROM "schema_migrations" ORDER BY "schema_migrations"."version" ASC[0m
  â†³ bin/rails:9
Migrating to AddDeletedAtToUsers (20190512204210)
  [1m[35m (0.1ms)[0m  [1m[36mbegin transaction[0m
  â†³ bin/rails:9
  [1m[35m (0.4ms)[0m  [1m[35mALTER TABLE "users" ADD "deleted_at" datetime[0m
  â†³ db/migrate/20190512204210_add_deleted_at_to_users.rb:3
  [1m[35m (0.1ms)[0m  [1m[31mrollback transaction[0m
  â†³ bin/rails:9
  [1m[35m (1.0ms)[0m  [1m[34mSELECT "schema_migrations"."version" FROM "schema_migrations" ORDER BY "schema_migrations"."version" ASC[0m
  â†³ bin/rails:9
Migrating to RemoveDeletedAtToUsers (20190512204210)
  [1m[35m (0.1ms)[0m  [1m[36mbegin transaction[0m
  â†³ bin/rails:9
  [1m[35m (0.0ms)[0m  [1m[34mSELECT sqlite_version(*)[0m
  â†³ db/migrate/20190512204210_remove_deleted_at_to_users.rb:3
  [1m[35m (0.2ms)[0m  [1m[35mCREATE TEMPORARY TABLE "ausers" ("id" integer NOT NULL PRIMARY KEY, "last_name" varchar DEFAULT NULL, "first_name" varchar DEFAULT NULL, "ruby_last_name" varchar DEFAULT NULL, "ruby_first_name" varchar DEFAULT NULL, "postcode" varchar DEFAULT NULL, "address" varchar DEFAULT NULL, "phone" varchar DEFAULT NULL, "email" varchar DEFAULT NULL, "password" varchar DEFAULT NULL, "admin" boolean DEFAULT NULL, "created_at" datetime NOT NULL, "updated_at" datetime NOT NULL, "deleted_at" datetime DEFAULT NULL)[0m
  â†³ db/migrate/20190512204210_remove_deleted_at_to_users.rb:3
  [1m[35m (0.1ms)[0m  [1m[35mCREATE  INDEX "tindex_ausers_on_deleted_at" ON "ausers" ("deleted_at")[0m
  â†³ db/migrate/20190512204210_remove_deleted_at_to_users.rb:3
  [1m[35m (0.3ms)[0m  [1m[32mINSERT INTO "ausers" ("id","last_name","first_name","ruby_last_name","ruby_first_name","postcode","address","phone","email","password","admin","created_at","updated_at","deleted_at")
                     SELECT "id","last_name","first_name","ruby_last_name","ruby_first_name","postcode","address","phone","email","password","admin","created_at","updated_at","deleted_at" FROM "users"[0m
  â†³ db/migrate/20190512204210_remove_deleted_at_to_users.rb:3
  [1m[35m (3.3ms)[0m  [1m[35mDROP TABLE "users"[0m
  â†³ db/migrate/20190512204210_remove_deleted_at_to_users.rb:3
  [1m[35m (0.1ms)[0m  [1m[35mCREATE TABLE "users" ("id" integer NOT NULL PRIMARY KEY, "last_name" varchar DEFAULT NULL, "first_name" varchar DEFAULT NULL, "ruby_last_name" varchar DEFAULT NULL, "ruby_first_name" varchar DEFAULT NULL, "postcode" varchar DEFAULT NULL, "address" varchar DEFAULT NULL, "phone" varchar DEFAULT NULL, "email" varchar DEFAULT NULL, "password" varchar DEFAULT NULL, "admin" boolean DEFAULT NULL, "created_at" datetime NOT NULL, "updated_at" datetime NOT NULL)[0m
  â†³ db/migrate/20190512204210_remove_deleted_at_to_users.rb:3
  [1m[35m (0.1ms)[0m  [1m[32mINSERT INTO "users" ("id","last_name","first_name","ruby_last_name","ruby_first_name","postcode","address","phone","email","password","admin","created_at","updated_at")
                     SELECT "id","last_name","first_name","ruby_last_name","ruby_first_name","postcode","address","phone","email","password","admin","created_at","updated_at" FROM "ausers"[0m
  â†³ db/migrate/20190512204210_remove_deleted_at_to_users.rb:3
  [1m[35m (0.2ms)[0m  [1m[35mDROP TABLE "ausers"[0m
  â†³ db/migrate/20190512204210_remove_deleted_at_to_users.rb:3
  [1m[35m (3.8ms)[0m  [1m[31mrollback transaction[0m
  â†³ bin/rails:9
  [1m[35m (0.8ms)[0m  [1m[34mSELECT "schema_migrations"."version" FROM "schema_migrations" ORDER BY "schema_migrations"."version" ASC[0m
  â†³ bin/rails:9
Migrating to RemoveDeletedAtToUsers (20190512204210)
  [1m[35m (0.1ms)[0m  [1m[36mbegin transaction[0m
  â†³ bin/rails:9
  [1m[35m (0.0ms)[0m  [1m[34mSELECT sqlite_version(*)[0m
  â†³ db/migrate/20190512204210_remove_deleted_at_to_users.rb:3
  [1m[35m (0.2ms)[0m  [1m[35mCREATE TEMPORARY TABLE "ausers" ("id" integer NOT NULL PRIMARY KEY, "last_name" varchar DEFAULT NULL, "first_name" varchar DEFAULT NULL, "ruby_last_name" varchar DEFAULT NULL, "ruby_first_name" varchar DEFAULT NULL, "postcode" varchar DEFAULT NULL, "address" varchar DEFAULT NULL, "phone" varchar DEFAULT NULL, "email" varchar DEFAULT NULL, "password" varchar DEFAULT NULL, "admin" boolean DEFAULT NULL, "created_at" datetime NOT NULL, "updated_at" datetime NOT NULL, "deleted_at" datetime DEFAULT NULL)[0m
  â†³ db/migrate/20190512204210_remove_deleted_at_to_users.rb:3
  [1m[35m (0.1ms)[0m  [1m[35mCREATE  INDEX "tindex_ausers_on_deleted_at" ON "ausers" ("deleted_at")[0m
  â†³ db/migrate/20190512204210_remove_deleted_at_to_users.rb:3
  [1m[35m (0.3ms)[0m  [1m[32mINSERT INTO "ausers" ("id","last_name","first_name","ruby_last_name","ruby_first_name","postcode","address","phone","email","password","admin","created_at","updated_at","deleted_at")
                     SELECT "id","last_name","first_name","ruby_last_name","ruby_first_name","postcode","address","phone","email","password","admin","created_at","updated_at","deleted_at" FROM "users"[0m
  â†³ db/migrate/20190512204210_remove_deleted_at_to_users.rb:3
  [1m[35m (3.9ms)[0m  [1m[35mDROP TABLE "users"[0m
  â†³ db/migrate/20190512204210_remove_deleted_at_to_users.rb:3
  [1m[35m (0.1ms)[0m  [1m[35mCREATE TABLE "users" ("id" integer NOT NULL PRIMARY KEY, "last_name" varchar DEFAULT NULL, "first_name" varchar DEFAULT NULL, "ruby_last_name" varchar DEFAULT NULL, "ruby_first_name" varchar DEFAULT NULL, "postcode" varchar DEFAULT NULL, "address" varchar DEFAULT NULL, "phone" varchar DEFAULT NULL, "email" varchar DEFAULT NULL, "password" varchar DEFAULT NULL, "admin" boolean DEFAULT NULL, "created_at" datetime NOT NULL, "updated_at" datetime NOT NULL)[0m
  â†³ db/migrate/20190512204210_remove_deleted_at_to_users.rb:3
  [1m[35m (0.1ms)[0m  [1m[32mINSERT INTO "users" ("id","last_name","first_name","ruby_last_name","ruby_first_name","postcode","address","phone","email","password","admin","created_at","updated_at")
                     SELECT "id","last_name","first_name","ruby_last_name","ruby_first_name","postcode","address","phone","email","password","admin","created_at","updated_at" FROM "ausers"[0m
  â†³ db/migrate/20190512204210_remove_deleted_at_to_users.rb:3
  [1m[35m (0.2ms)[0m  [1m[35mDROP TABLE "ausers"[0m
  â†³ db/migrate/20190512204210_remove_deleted_at_to_users.rb:3
  [1m[35m (4.9ms)[0m  [1m[31mrollback transaction[0m
  â†³ bin/rails:9
  [1m[35m (1.6ms)[0m  [1m[34mSELECT "schema_migrations"."version" FROM "schema_migrations" ORDER BY "schema_migrations"."version" ASC[0m
  â†³ bin/rails:9
Migrating to RemoveDeletedAtToUsers (20190512204210)
  [1m[35m (0.1ms)[0m  [1m[36mbegin transaction[0m
  â†³ bin/rails:9
  [1m[35m (0.0ms)[0m  [1m[34mSELECT sqlite_version(*)[0m
  â†³ db/migrate/20190512204210_remove_deleted_at_to_users.rb:3
  [1m[35m (0.2ms)[0m  [1m[35mCREATE TEMPORARY TABLE "ausers" ("id" integer NOT NULL PRIMARY KEY, "last_name" varchar DEFAULT NULL, "first_name" varchar DEFAULT NULL, "ruby_last_name" varchar DEFAULT NULL, "ruby_first_name" varchar DEFAULT NULL, "postcode" varchar DEFAULT NULL, "address" varchar DEFAULT NULL, "phone" varchar DEFAULT NULL, "email" varchar DEFAULT NULL, "password" varchar DEFAULT NULL, "admin" boolean DEFAULT NULL, "created_at" datetime NOT NULL, "updated_at" datetime NOT NULL, "deleted_at" datetime DEFAULT NULL)[0m
  â†³ db/migrate/20190512204210_remove_deleted_at_to_users.rb:3
  [1m[35m (0.1ms)[0m  [1m[35mCREATE  INDEX "tindex_ausers_on_deleted_at" ON "ausers" ("deleted_at")[0m
  â†³ db/migrate/20190512204210_remove_deleted_at_to_users.rb:3
  [1m[35m (0.2ms)[0m  [1m[32mINSERT INTO "ausers" ("id","last_name","first_name","ruby_last_name","ruby_first_name","postcode","address","phone","email","password","admin","created_at","updated_at","deleted_at")
                     SELECT "id","last_name","first_name","ruby_last_name","ruby_first_name","postcode","address","phone","email","password","admin","created_at","updated_at","deleted_at" FROM "users"[0m
  â†³ db/migrate/20190512204210_remove_deleted_at_to_users.rb:3
  [1m[35m (3.1ms)[0m  [1m[35mDROP TABLE "users"[0m
  â†³ db/migrate/20190512204210_remove_deleted_at_to_users.rb:3
  [1m[35m (0.1ms)[0m  [1m[35mCREATE TABLE "users" ("id" integer NOT NULL PRIMARY KEY, "last_name" varchar DEFAULT NULL, "first_name" varchar DEFAULT NULL, "ruby_last_name" varchar DEFAULT NULL, "ruby_first_name" varchar DEFAULT NULL, "postcode" varchar DEFAULT NULL, "address" varchar DEFAULT NULL, "phone" varchar DEFAULT NULL, "email" varchar DEFAULT NULL, "password" varchar DEFAULT NULL, "admin" boolean DEFAULT NULL, "created_at" datetime NOT NULL, "updated_at" datetime NOT NULL)[0m
  â†³ db/migrate/20190512204210_remove_deleted_at_to_users.rb:3
  [1m[35m (0.1ms)[0m  [1m[32mINSERT INTO "users" ("id","last_name","first_name","ruby_last_name","ruby_first_name","postcode","address","phone","email","password","admin","created_at","updated_at")
                     SELECT "id","last_name","first_name","ruby_last_name","ruby_first_name","postcode","address","phone","email","password","admin","created_at","updated_at" FROM "ausers"[0m
  â†³ db/migrate/20190512204210_remove_deleted_at_to_users.rb:3
  [1m[35m (0.1ms)[0m  [1m[35mDROP TABLE "ausers"[0m
  â†³ db/migrate/20190512204210_remove_deleted_at_to_users.rb:3
  [1m[36mActiveRecord::SchemaMigration Create (1.6ms)[0m  [1m[32mINSERT INTO "schema_migrations" ("version") VALUES (?)[0m  [["version", "20190512204210"]]
  â†³ bin/rails:9
  [1m[35m (3.9ms)[0m  [1m[36mcommit transaction[0m
  â†³ bin/rails:9
  [1m[36mActiveRecord::InternalMetadata Load (1.0ms)[0m  [1m[34mSELECT  "ar_internal_metadata".* FROM "ar_internal_metadata" WHERE "ar_internal_metadata"."key" = ? LIMIT ?[0m  [["key", "environment"], ["LIMIT", 1]]
  â†³ bin/rails:9
  [1m[35m (0.1ms)[0m  [1m[36mbegin transaction[0m
  â†³ bin/rails:9
  [1m[35m (0.0ms)[0m  [1m[36mcommit transaction[0m
  â†³ bin/rails:9
  [1m[35m (1.2ms)[0m  [1m[34mSELECT "schema_migrations"."version" FROM "schema_migrations" ORDER BY "schema_migrations"."version" ASC[0m
  â†³ bin/rails:9
  [1m[35m (0.8ms)[0m  [1m[34mSELECT "schema_migrations"."version" FROM "schema_migrations" ORDER BY "schema_migrations"."version" ASC[0m
  â†³ bin/rails:9
Migrating to AddDeletedAtToUsers (20190512204211)
  [1m[35m (0.1ms)[0m  [1m[36mbegin transaction[0m
  â†³ bin/rails:9
  [1m[35m (4.4ms)[0m  [1m[35mALTER TABLE "users" ADD "deleted_at" datetime[0m
  â†³ db/migrate/20190512204211_add_deleted_at_to_users.rb:3
  [1m[35m (0.2ms)[0m  [1m[34mSELECT sqlite_version(*)[0m
  â†³ db/migrate/20190512204211_add_deleted_at_to_users.rb:4
  [1m[35m (0.6ms)[0m  [1m[35mCREATE  INDEX "index_users_on_deleted_at" ON "users" ("deleted_at")[0m
  â†³ db/migrate/20190512204211_add_deleted_at_to_users.rb:4
  [1m[36mActiveRecord::SchemaMigration Create (0.9ms)[0m  [1m[32mINSERT INTO "schema_migrations" ("version") VALUES (?)[0m  [["version", "20190512204211"]]
  â†³ bin/rails:9
  [1m[35m (3.4ms)[0m  [1m[36mcommit transaction[0m
  â†³ bin/rails:9
  [1m[36mActiveRecord::InternalMetadata Load (1.9ms)[0m  [1m[34mSELECT  "ar_internal_metadata".* FROM "ar_internal_metadata" WHERE "ar_internal_metadata"."key" = ? LIMIT ?[0m  [["key", "environment"], ["LIMIT", 1]]
  â†³ bin/rails:9
  [1m[35m (0.1ms)[0m  [1m[36mbegin transaction[0m
  â†³ bin/rails:9
  [1m[35m (0.0ms)[0m  [1m[36mcommit transaction[0m
  â†³ bin/rails:9
  [1m[35m (1.1ms)[0m  [1m[34mSELECT "schema_migrations"."version" FROM "schema_migrations" ORDER BY "schema_migrations"."version" ASC[0m
  â†³ bin/rails:9
  [1m[35m (1.2ms)[0m  [1m[34mSELECT "schema_migrations"."version" FROM "schema_migrations" ORDER BY "schema_migrations"."version" ASC[0m
  â†³ bin/rails:9
Migrating to CreateFavorites (20190512204212)
  [1m[35m (0.1ms)[0m  [1m[36mbegin transaction[0m
  â†³ bin/rails:9
  [1m[35m (0.1ms)[0m  [1m[34mSELECT sqlite_version(*)[0m
  â†³ db/migrate/20190512204212_create_favorites.rb:3
  [1m[35m (3.3ms)[0m  [1m[35mCREATE TABLE "favorites" ("id" integer PRIMARY KEY AUTOINCREMENT NOT NULL, "user_id" integer, "product_id" integer, "created_at" datetime NOT NULL, "updated_at" datetime NOT NULL)[0m
  â†³ db/migrate/20190512204212_create_favorites.rb:3
  [1m[36mActiveRecord::SchemaMigration Create (1.2ms)[0m  [1m[32mINSERT INTO "schema_migrations" ("version") VALUES (?)[0m  [["version", "20190512204212"]]
  â†³ bin/rails:9
  [1m[35m (2.0ms)[0m  [1m[36mcommit transaction[0m
  â†³ bin/rails:9
  [1m[36mActiveRecord::InternalMetadata Load (1.5ms)[0m  [1m[34mSELECT  "ar_internal_metadata".* FROM "ar_internal_metadata" WHERE "ar_internal_metadata"."key" = ? LIMIT ?[0m  [["key", "environment"], ["LIMIT", 1]]
  â†³ bin/rails:9
  [1m[35m (0.1ms)[0m  [1m[36mbegin transaction[0m
  â†³ bin/rails:9
  [1m[35m (0.0ms)[0m  [1m[36mcommit transaction[0m
  â†³ bin/rails:9
  [1m[35m (1.2ms)[0m  [1m[34mSELECT "schema_migrations"."version" FROM "schema_migrations" ORDER BY "schema_migrations"."version" ASC[0m
  â†³ bin/rails:9
  [1m[35m (1.3ms)[0m  [1m[34mSELECT "schema_migrations"."version" FROM "schema_migrations" ORDER BY "schema_migrations"."version" ASC[0m
  â†³ bin/rails:9
Migrating to CreateContacts (20190512204213)
  [1m[35m (0.1ms)[0m  [1m[36mbegin transaction[0m
  â†³ bin/rails:9
  [1m[35m (0.1ms)[0m  [1m[34mSELECT sqlite_version(*)[0m
  â†³ db/migrate/20190512204213_create_contacts.rb:3
  [1m[35m (2.8ms)[0m  [1m[35mCREATE TABLE "contacts" ("id" integer PRIMARY KEY AUTOINCREMENT NOT NULL, "user_id" integer, "contact_content" text, "responce" text, "created_at" datetime NOT NULL, "updated_at" datetime NOT NULL)[0m
  â†³ db/migrate/20190512204213_create_contacts.rb:3
  [1m[36mActiveRecord::SchemaMigration Create (1.1ms)[0m  [1m[32mINSERT INTO "schema_migrations" ("version") VALUES (?)[0m  [["version", "20190512204213"]]
  â†³ bin/rails:9
  [1m[35m (3.7ms)[0m  [1m[36mcommit transaction[0m
  â†³ bin/rails:9
  [1m[36mActiveRecord::InternalMetadata Load (1.2ms)[0m  [1m[34mSELECT  "ar_internal_metadata".* FROM "ar_internal_metadata" WHERE "ar_internal_metadata"."key" = ? LIMIT ?[0m  [["key", "environment"], ["LIMIT", 1]]
  â†³ bin/rails:9
  [1m[35m (0.0ms)[0m  [1m[36mbegin transaction[0m
  â†³ bin/rails:9
  [1m[35m (0.0ms)[0m  [1m[36mcommit transaction[0m
  â†³ bin/rails:9
  [1m[35m (2.4ms)[0m  [1m[34mSELECT "schema_migrations"."version" FROM "schema_migrations" ORDER BY "schema_migrations"."version" ASC[0m
  â†³ bin/rails:9
  [1m[35m (0.9ms)[0m  [1m[34mSELECT "schema_migrations"."version" FROM "schema_migrations" ORDER BY "schema_migrations"."version" ASC[0m
  â†³ bin/rails:9
Migrating to CreateProducts (20190512204214)
  [1m[35m (0.1ms)[0m  [1m[36mbegin transaction[0m
  â†³ bin/rails:9
  [1m[35m (0.2ms)[0m  [1m[34mSELECT sqlite_version(*)[0m
  â†³ db/migrate/20190512204214_create_products.rb:3
  [1m[35m (3.1ms)[0m  [1m[35mCREATE TABLE "products" ("id" integer PRIMARY KEY AUTOINCREMENT NOT NULL, "artist_id" integer, "genre_id" integer, "label_id" integer, "product_category" integer, "product_name" varchar, "jacket_image_id" varchar, "price" varchar, "stock" varchar, "status" integer, "created_at" datetime NOT NULL, "updated_at" datetime NOT NULL)[0m
  â†³ db/migrate/20190512204214_create_products.rb:3
  [1m[36mActiveRecord::SchemaMigration Create (0.9ms)[0m  [1m[32mINSERT INTO "schema_migrations" ("version") VALUES (?)[0m  [["version", "20190512204214"]]
  â†³ bin/rails:9
  [1m[35m (3.4ms)[0m  [1m[36mcommit transaction[0m
  â†³ bin/rails:9
  [1m[36mActiveRecord::InternalMetadata Load (1.2ms)[0m  [1m[34mSELECT  "ar_internal_metadata".* FROM "ar_internal_metadata" WHERE "ar_internal_metadata"."key" = ? LIMIT ?[0m  [["key", "environment"], ["LIMIT", 1]]
  â†³ bin/rails:9
  [1m[35m (0.1ms)[0m  [1m[36mbegin transaction[0m
  â†³ bin/rails:9
  [1m[35m (0.0ms)[0m  [1m[36mcommit transaction[0m
  â†³ bin/rails:9
  [1m[35m (2.2ms)[0m  [1m[34mSELECT "schema_migrations"."version" FROM "schema_migrations" ORDER BY "schema_migrations"."version" ASC[0m
  â†³ bin/rails:9
  [1m[35m (0.9ms)[0m  [1m[34mSELECT "schema_migrations"."version" FROM "schema_migrations" ORDER BY "schema_migrations"."version" ASC[0m
  â†³ bin/rails:9
Migrating to CreateUserProducts (20190512204215)
  [1m[35m (0.1ms)[0m  [1m[36mbegin transaction[0m
  â†³ bin/rails:9
  [1m[35m (0.2ms)[0m  [1m[34mSELECT sqlite_version(*)[0m
  â†³ db/migrate/20190512204215_create_user_products.rb:3
  [1m[35m (3.3ms)[0m  [1m[35mCREATE TABLE "user_products" ("id" integer PRIMARY KEY AUTOINCREMENT NOT NULL, "product_id" integer, "user_id" integer, "user_product_number" varchar, "created_at" datetime NOT NULL, "updated_at" datetime NOT NULL)[0m
  â†³ db/migrate/20190512204215_create_user_products.rb:3
  [1m[36mActiveRecord::SchemaMigration Create (0.7ms)[0m  [1m[32mINSERT INTO "schema_migrations" ("version") VALUES (?)[0m  [["version", "20190512204215"]]
  â†³ bin/rails:9
  [1m[35m (3.0ms)[0m  [1m[36mcommit transaction[0m
  â†³ bin/rails:9
  [1m[36mActiveRecord::InternalMetadata Load (1.1ms)[0m  [1m[34mSELECT  "ar_internal_metadata".* FROM "ar_internal_metadata" WHERE "ar_internal_metadata"."key" = ? LIMIT ?[0m  [["key", "environment"], ["LIMIT", 1]]
  â†³ bin/rails:9
  [1m[35m (0.1ms)[0m  [1m[36mbegin transaction[0m
  â†³ bin/rails:9
  [1m[35m (0.0ms)[0m  [1m[36mcommit transaction[0m
  â†³ bin/rails:9
  [1m[35m (1.2ms)[0m  [1m[34mSELECT "schema_migrations"."version" FROM "schema_migrations" ORDER BY "schema_migrations"."version" ASC[0m
  â†³ bin/rails:9
  [1m[35m (0.8ms)[0m  [1m[34mSELECT "schema_migrations"."version" FROM "schema_migrations" ORDER BY "schema_migrations"."version" ASC[0m
  â†³ bin/rails:9
Migrating to CreateRecordedMusics (20190512204216)
  [1m[35m (0.1ms)[0m  [1m[36mbegin transaction[0m
  â†³ bin/rails:9
  [1m[35m (0.3ms)[0m  [1m[34mSELECT sqlite_version(*)[0m
  â†³ db/migrate/20190512204216_create_recorded_musics.rb:3
  [1m[35m (3.4ms)[0m  [1m[35mCREATE TABLE "recorded_musics" ("id" integer PRIMARY KEY AUTOINCREMENT NOT NULL, "product_id" integer, "recorded_music_name" varchar, "recorded_music_number" integer, "recorded_disk_number" integer, "created_at" datetime NOT NULL, "updated_at" datetime NOT NULL)[0m
  â†³ db/migrate/20190512204216_create_recorded_musics.rb:3
  [1m[36mActiveRecord::SchemaMigration Create (0.9ms)[0m  [1m[32mINSERT INTO "schema_migrations" ("version") VALUES (?)[0m  [["version", "20190512204216"]]
  â†³ bin/rails:9
  [1m[35m (4.1ms)[0m  [1m[36mcommit transaction[0m
  â†³ bin/rails:9
  [1m[36mActiveRecord::InternalMetadata Load (0.8ms)[0m  [1m[34mSELECT  "ar_internal_metadata".* FROM "ar_internal_metadata" WHERE "ar_internal_metadata"."key" = ? LIMIT ?[0m  [["key", "environment"], ["LIMIT", 1]]
  â†³ bin/rails:9
  [1m[35m (0.0ms)[0m  [1m[36mbegin transaction[0m
  â†³ bin/rails:9
  [1m[35m (0.0ms)[0m  [1m[36mcommit transaction[0m
  â†³ bin/rails:9
  [1m[35m (1.6ms)[0m  [1m[34mSELECT "schema_migrations"."version" FROM "schema_migrations" ORDER BY "schema_migrations"."version" ASC[0m
  â†³ bin/rails:9
  [1m[35m (1.8ms)[0m  [1m[34mSELECT "schema_migrations"."version" FROM "schema_migrations" ORDER BY "schema_migrations"."version" ASC[0m
  â†³ bin/rails:9
Migrating to CreateArtists (20190512204217)
  [1m[35m (0.1ms)[0m  [1m[36mbegin transaction[0m
  â†³ bin/rails:9
  [1m[35m (0.2ms)[0m  [1m[34mSELECT sqlite_version(*)[0m
  â†³ db/migrate/20190512204217_create_artists.rb:3
  [1m[35m (2.7ms)[0m  [1m[35mCREATE TABLE "artists" ("id" integer PRIMARY KEY AUTOINCREMENT NOT NULL, "artist_name" varchar, "created_at" datetime NOT NULL, "updated_at" datetime NOT NULL)[0m
  â†³ db/migrate/20190512204217_create_artists.rb:3
  [1m[36mActiveRecord::SchemaMigration Create (1.2ms)[0m  [1m[32mINSERT INTO "schema_migrations" ("version") VALUES (?)[0m  [["version", "20190512204217"]]
  â†³ bin/rails:9
  [1m[35m (2.1ms)[0m  [1m[36mcommit transaction[0m
  â†³ bin/rails:9
  [1m[36mActiveRecord::InternalMetadata Load (1.0ms)[0m  [1m[34mSELECT  "ar_internal_metadata".* FROM "ar_internal_metadata" WHERE "ar_internal_metadata"."key" = ? LIMIT ?[0m  [["key", "environment"], ["LIMIT", 1]]
  â†³ bin/rails:9
  [1m[35m (0.0ms)[0m  [1m[36mbegin transaction[0m
  â†³ bin/rails:9
  [1m[35m (0.0ms)[0m  [1m[36mcommit transaction[0m
  â†³ bin/rails:9
  [1m[35m (1.8ms)[0m  [1m[34mSELECT "schema_migrations"."version" FROM "schema_migrations" ORDER BY "schema_migrations"."version" ASC[0m
  â†³ bin/rails:9
  [1m[35m (1.1ms)[0m  [1m[34mSELECT "schema_migrations"."version" FROM "schema_migrations" ORDER BY "schema_migrations"."version" ASC[0m
  â†³ bin/rails:9
Migrating to CreateGenres (20190512204218)
  [1m[35m (0.1ms)[0m  [1m[36mbegin transaction[0m
  â†³ bin/rails:9
  [1m[35m (0.1ms)[0m  [1m[34mSELECT sqlite_version(*)[0m
  â†³ db/migrate/20190512204218_create_genres.rb:3
  [1m[35m (5.3ms)[0m  [1m[35mCREATE TABLE "genres" ("id" integer PRIMARY KEY AUTOINCREMENT NOT NULL, "genre_name" varchar, "created_at" datetime NOT NULL, "updated_at" datetime NOT NULL)[0m
  â†³ db/migrate/20190512204218_create_genres.rb:3
  [1m[36mActiveRecord::SchemaMigration Create (2.0ms)[0m  [1m[32mINSERT INTO "schema_migrations" ("version") VALUES (?)[0m  [["version", "20190512204218"]]
  â†³ bin/rails:9
  [1m[35m (6.1ms)[0m  [1m[36mcommit transaction[0m
  â†³ bin/rails:9
  [1m[36mActiveRecord::InternalMetadata Load (2.7ms)[0m  [1m[34mSELECT  "ar_internal_metadata".* FROM "ar_internal_metadata" WHERE "ar_internal_metadata"."key" = ? LIMIT ?[0m  [["key", "environment"], ["LIMIT", 1]]
  â†³ bin/rails:9
  [1m[35m (0.1ms)[0m  [1m[36mbegin transaction[0m
  â†³ bin/rails:9
  [1m[35m (0.1ms)[0m  [1m[36mcommit transaction[0m
  â†³ bin/rails:9
  [1m[35m (2.6ms)[0m  [1m[34mSELECT "schema_migrations"."version" FROM "schema_migrations" ORDER BY "schema_migrations"."version" ASC[0m
  â†³ bin/rails:9
  [1m[35m (1.1ms)[0m  [1m[34mSELECT "schema_migrations"."version" FROM "schema_migrations" ORDER BY "schema_migrations"."version" ASC[0m
  â†³ bin/rails:9
Migrating to CreateLabels (20190512204219)
  [1m[35m (0.1ms)[0m  [1m[36mbegin transaction[0m
  â†³ bin/rails:9
  [1m[35m (0.1ms)[0m  [1m[34mSELECT sqlite_version(*)[0m
  â†³ db/migrate/20190512204219_create_labels.rb:3
  [1m[35m (3.9ms)[0m  [1m[35mCREATE TABLE "labels" ("id" integer PRIMARY KEY AUTOINCREMENT NOT NULL, "label_name" varchar, "created_at" datetime NOT NULL, "updated_at" datetime NOT NULL)[0m
  â†³ db/migrate/20190512204219_create_labels.rb:3
  [1m[36mActiveRecord::SchemaMigration Create (1.3ms)[0m  [1m[32mINSERT INTO "schema_migrations" ("version") VALUES (?)[0m  [["version", "20190512204219"]]
  â†³ bin/rails:9
  [1m[35m (3.6ms)[0m  [1m[36mcommit transaction[0m
  â†³ bin/rails:9
  [1m[36mActiveRecord::InternalMetadata Load (0.8ms)[0m  [1m[34mSELECT  "ar_internal_metadata".* FROM "ar_internal_metadata" WHERE "ar_internal_metadata"."key" = ? LIMIT ?[0m  [["key", "environment"], ["LIMIT", 1]]
  â†³ bin/rails:9
  [1m[35m (0.0ms)[0m  [1m[36mbegin transaction[0m
  â†³ bin/rails:9
  [1m[35m (0.0ms)[0m  [1m[36mcommit transaction[0m
  â†³ bin/rails:9
  [1m[35m (2.6ms)[0m  [1m[34mSELECT "schema_migrations"."version" FROM "schema_migrations" ORDER BY "schema_migrations"."version" ASC[0m
  â†³ bin/rails:9
  [1m[35m (1.5ms)[0m  [1m[34mSELECT "schema_migrations"."version" FROM "schema_migrations" ORDER BY "schema_migrations"."version" ASC[0m
  â†³ bin/rails:9
  [1m[36mActiveRecord::InternalMetadata Load (1.1ms)[0m  [1m[34mSELECT  "ar_internal_metadata".* FROM "ar_internal_metadata" WHERE "ar_internal_metadata"."key" = ? LIMIT ?[0m  [["key", "environment"], ["LIMIT", 1]]
  â†³ bin/rails:9
  [1m[35m (0.0ms)[0m  [1m[36mbegin transaction[0m
  â†³ bin/rails:9
  [1m[35m (0.0ms)[0m  [1m[36mcommit transaction[0m
  â†³ bin/rails:9
  [1m[35m (1.1ms)[0m  [1m[34mSELECT "schema_migrations"."version" FROM "schema_migrations" ORDER BY "schema_migrations"."version" ASC[0m
  â†³ bin/rails:9
  [1m[35m (0.9ms)[0m  [1m[34mSELECT "schema_migrations"."version" FROM "schema_migrations" ORDER BY "schema_migrations"."version" ASC[0m
  â†³ bin/rails:9
  [1m[36mActiveRecord::InternalMetadata Load (1.0ms)[0m  [1m[34mSELECT  "ar_internal_metadata".* FROM "ar_internal_metadata" WHERE "ar_internal_metadata"."key" = ? LIMIT ?[0m  [["key", "environment"], ["LIMIT", 1]]
  â†³ bin/rails:9
  [1m[35m (0.1ms)[0m  [1m[36mbegin transaction[0m
  â†³ bin/rails:9
  [1m[35m (0.0ms)[0m  [1m[36mcommit transaction[0m
  â†³ bin/rails:9
  [1m[35m (0.6ms)[0m  [1m[34mSELECT "schema_migrations"."version" FROM "schema_migrations" ORDER BY "schema_migrations"."version" ASC[0m
  â†³ bin/rails:9
  [1m[35m (0.8ms)[0m  [1m[34mSELECT "schema_migrations"."version" FROM "schema_migrations" ORDER BY "schema_migrations"."version" ASC[0m
  â†³ bin/rails:9
  [1m[35m (0.8ms)[0m  [1m[34mSELECT "ar_internal_metadata"."value" FROM "ar_internal_metadata" WHERE "ar_internal_metadata"."key" = ?[0m  [["key", "environment"]]
  â†³ bin/rails:9
  [1m[35m (0.6ms)[0m  [1m[34mSELECT "schema_migrations"."version" FROM "schema_migrations" ORDER BY "schema_migrations"."version" ASC[0m
  â†³ bin/rails:9
  [1m[35m (0.6ms)[0m  [1m[34mSELECT "ar_internal_metadata"."value" FROM "ar_internal_metadata" WHERE "ar_internal_metadata"."key" = ?[0m  [["key", "environment"]]
  â†³ bin/rails:9
  [1m[35m (0.7ms)[0m  [1m[34mSELECT "schema_migrations"."version" FROM "schema_migrations" ORDER BY "schema_migrations"."version" ASC[0m
  â†³ bin/rails:9
  [1m[35m (0.6ms)[0m  [1m[34mSELECT "ar_internal_metadata"."value" FROM "ar_internal_metadata" WHERE "ar_internal_metadata"."key" = ?[0m  [["key", "environment"]]
  â†³ bin/rails:9
  [1m[35m (0.0ms)[0m  [1m[34mSELECT sqlite_version(*)[0m
  â†³ bin/rails:9
  [1m[35m (9.6ms)[0m  [1m[35mCREATE TABLE "schema_migrations" ("version" varchar NOT NULL PRIMARY KEY)[0m
  â†³ bin/rails:9
  [1m[35m (6.4ms)[0m  [1m[35mCREATE TABLE "ar_internal_metadata" ("key" varchar NOT NULL PRIMARY KEY, "value" varchar, "created_at" datetime NOT NULL, "updated_at" datetime NOT NULL)[0m
  â†³ bin/rails:9
  [1m[35m (0.6ms)[0m  [1m[34mSELECT "schema_migrations"."version" FROM "schema_migrations" ORDER BY "schema_migrations"."version" ASC[0m
  â†³ bin/rails:9
Migrating to CreateReviews (20190512204205)
  [1m[35m (0.1ms)[0m  [1m[36mbegin transaction[0m
  â†³ bin/rails:9
  [1m[35m (3.5ms)[0m  [1m[35mCREATE TABLE "reviews" ("id" integer PRIMARY KEY AUTOINCREMENT NOT NULL, "user_id" integer, "product_id" integer, "review_content" text, "created_at" datetime NOT NULL, "updated_at" datetime NOT NULL)[0m
  â†³ db/migrate/20190512204205_create_reviews.rb:3
  [1m[36mActiveRecord::SchemaMigration Create (1.3ms)[0m  [1m[32mINSERT INTO "schema_migrations" ("version") VALUES (?)[0m  [["version", "20190512204205"]]
  â†³ bin/rails:9
  [1m[35m (3.0ms)[0m  [1m[36mcommit transaction[0m
  â†³ bin/rails:9
Migrating to CreateShipments (20190512204206)
  [1m[35m (0.2ms)[0m  [1m[36mbegin transaction[0m
  â†³ bin/rails:9
  [1m[35m (3.0ms)[0m  [1m[35mCREATE TABLE "shipments" ("id" integer PRIMARY KEY AUTOINCREMENT NOT NULL, "user_id" integer, "ship_last_name" varchar, "ship_first_name" varchar, "ship_ruby_last_name" varchar, "ship_ruby_first_name" varchar, "ship_postcode" varchar, "ship_address" varchar, "created_at" datetime NOT NULL, "updated_at" datetime NOT NULL)[0m
  â†³ db/migrate/20190512204206_create_shipments.rb:3
  [1m[36mActiveRecord::SchemaMigration Create (0.7ms)[0m  [1m[32mINSERT INTO "schema_migrations" ("version") VALUES (?)[0m  [["version", "20190512204206"]]
  â†³ bin/rails:9
  [1m[35m (3.4ms)[0m  [1m[36mcommit transaction[0m
  â†³ bin/rails:9
Migrating to CreateOrders (20190512204207)
  [1m[35m (0.1ms)[0m  [1m[36mbegin transaction[0m
  â†³ bin/rails:9
  [1m[35m (3.9ms)[0m  [1m[35mCREATE TABLE "orders" ("id" integer PRIMARY KEY AUTOINCREMENT NOT NULL, "user_id" integer, "payment_method" integer, "ship_status" integer, "total_price" integer, "order_ship_last_name" varchar, "order_ship_first_name" varchar, "order_ship_ruby_last_name" varchar, "order_ship_ruby_first_name" varchar, "order_ship_post_code" varchar, "order_ship_address" varchar, "created_at" datetime NOT NULL, "updated_at" datetime NOT NULL)[0m
  â†³ db/migrate/20190512204207_create_orders.rb:3
  [1m[36mActiveRecord::SchemaMigration Create (1.5ms)[0m  [1m[32mINSERT INTO "schema_migrations" ("version") VALUES (?)[0m  [["version", "20190512204207"]]
  â†³ bin/rails:9
  [1m[35m (3.1ms)[0m  [1m[36mcommit transaction[0m
  â†³ bin/rails:9
Migrating to CreateOrderItems (20190512204208)
  [1m[35m (0.1ms)[0m  [1m[36mbegin transaction[0m
  â†³ bin/rails:9
  [1m[35m (4.3ms)[0m  [1m[35mCREATE TABLE "order_items" ("id" integer PRIMARY KEY AUTOINCREMENT NOT NULL, "order_id" integer, "product_id" integer, "order_item_number" integer, "order_item_price" integer, "created_at" datetime NOT NULL, "updated_at" datetime NOT NULL)[0m
  â†³ db/migrate/20190512204208_create_order_items.rb:3
  [1m[36mActiveRecord::SchemaMigration Create (0.9ms)[0m  [1m[32mINSERT INTO "schema_migrations" ("version") VALUES (?)[0m  [["version", "20190512204208"]]
  â†³ bin/rails:9
  [1m[35m (2.6ms)[0m  [1m[36mcommit transaction[0m
  â†³ bin/rails:9
Migrating to RemoveDeletedAtToUsers (20190512204210)
  [1m[35m (0.1ms)[0m  [1m[36mbegin transaction[0m
  â†³ bin/rails:9
  [1m[35m (0.1ms)[0m  [1m[31mrollback transaction[0m
  â†³ bin/rails:9
  [1m[35m (1.7ms)[0m  [1m[34mSELECT "schema_migrations"."version" FROM "schema_migrations" ORDER BY "schema_migrations"."version" ASC[0m
  â†³ bin/rails:9
  [1m[35m (1.0ms)[0m  [1m[34mSELECT "ar_internal_metadata"."value" FROM "ar_internal_metadata" WHERE "ar_internal_metadata"."key" = ?[0m  [["key", "environment"]]
  â†³ bin/rails:9
  [1m[35m (0.8ms)[0m  [1m[34mSELECT "schema_migrations"."version" FROM "schema_migrations" ORDER BY "schema_migrations"."version" ASC[0m
  â†³ bin/rails:9
  [1m[35m (0.7ms)[0m  [1m[34mSELECT "ar_internal_metadata"."value" FROM "ar_internal_metadata" WHERE "ar_internal_metadata"."key" = ?[0m  [["key", "environment"]]
  â†³ bin/rails:9
  [1m[35m (0.8ms)[0m  [1m[34mSELECT "schema_migrations"."version" FROM "schema_migrations" ORDER BY "schema_migrations"."version" ASC[0m
  â†³ bin/rails:9
  [1m[35m (0.7ms)[0m  [1m[34mSELECT "ar_internal_metadata"."value" FROM "ar_internal_metadata" WHERE "ar_internal_metadata"."key" = ?[0m  [["key", "environment"]]
  â†³ bin/rails:9
  [1m[35m (0.6ms)[0m  [1m[34mSELECT "schema_migrations"."version" FROM "schema_migrations" ORDER BY "schema_migrations"."version" ASC[0m
  â†³ bin/rails:9
Migrating to CreateFavorites (20190512204212)
  [1m[35m (0.1ms)[0m  [1m[36mbegin transaction[0m
  â†³ bin/rails:9
  [1m[35m (0.1ms)[0m  [1m[34mSELECT sqlite_version(*)[0m
  â†³ db/migrate/20190512204212_create_favorites.rb:3
  [1m[35m (3.0ms)[0m  [1m[35mCREATE TABLE "favorites" ("id" integer PRIMARY KEY AUTOINCREMENT NOT NULL, "user_id" integer, "product_id" integer, "created_at" datetime NOT NULL, "updated_at" datetime NOT NULL)[0m
  â†³ db/migrate/20190512204212_create_favorites.rb:3
  [1m[36mActiveRecord::SchemaMigration Create (1.5ms)[0m  [1m[32mINSERT INTO "schema_migrations" ("version") VALUES (?)[0m  [["version", "20190512204212"]]
  â†³ bin/rails:9
  [1m[35m (3.8ms)[0m  [1m[36mcommit transaction[0m
  â†³ bin/rails:9
Migrating to CreateContacts (20190512204213)
  [1m[35m (0.1ms)[0m  [1m[36mbegin transaction[0m
  â†³ bin/rails:9
  [1m[35m (3.9ms)[0m  [1m[35mCREATE TABLE "contacts" ("id" integer PRIMARY KEY AUTOINCREMENT NOT NULL, "user_id" integer, "contact_content" text, "responce" text, "created_at" datetime NOT NULL, "updated_at" datetime NOT NULL)[0m
  â†³ db/migrate/20190512204213_create_contacts.rb:3
  [1m[36mActiveRecord::SchemaMigration Create (0.9ms)[0m  [1m[32mINSERT INTO "schema_migrations" ("version") VALUES (?)[0m  [["version", "20190512204213"]]
  â†³ bin/rails:9
  [1m[35m (2.8ms)[0m  [1m[36mcommit transaction[0m
  â†³ bin/rails:9
Migrating to CreateProducts (20190512204214)
  [1m[35m (0.1ms)[0m  [1m[36mbegin transaction[0m
  â†³ bin/rails:9
  [1m[35m (3.6ms)[0m  [1m[35mCREATE TABLE "products" ("id" integer PRIMARY KEY AUTOINCREMENT NOT NULL, "artist_id" integer, "genre_id" integer, "label_id" integer, "product_category" integer, "product_name" varchar, "jacket_image_id" varchar, "price" varchar, "stock" varchar, "status" integer, "created_at" datetime NOT NULL, "updated_at" datetime NOT NULL)[0m
  â†³ db/migrate/20190512204214_create_products.rb:3
  [1m[36mActiveRecord::SchemaMigration Create (1.5ms)[0m  [1m[32mINSERT INTO "schema_migrations" ("version") VALUES (?)[0m  [["version", "20190512204214"]]
  â†³ bin/rails:9
  [1m[35m (3.2ms)[0m  [1m[36mcommit transaction[0m
  â†³ bin/rails:9
Migrating to CreateUserProducts (20190512204215)
  [1m[35m (0.1ms)[0m  [1m[36mbegin transaction[0m
  â†³ bin/rails:9
  [1m[35m (3.6ms)[0m  [1m[35mCREATE TABLE "user_products" ("id" integer PRIMARY KEY AUTOINCREMENT NOT NULL, "product_id" integer, "user_id" integer, "user_product_number" varchar, "created_at" datetime NOT NULL, "updated_at" datetime NOT NULL)[0m
  â†³ db/migrate/20190512204215_create_user_products.rb:3
  [1m[36mActiveRecord::SchemaMigration Create (1.3ms)[0m  [1m[32mINSERT INTO "schema_migrations" ("version") VALUES (?)[0m  [["version", "20190512204215"]]
  â†³ bin/rails:9
  [1m[35m (4.0ms)[0m  [1m[36mcommit transaction[0m
  â†³ bin/rails:9
Migrating to CreateRecordedMusics (20190512204216)
  [1m[35m (0.1ms)[0m  [1m[36mbegin transaction[0m
  â†³ bin/rails:9
  [1m[35m (3.2ms)[0m  [1m[35mCREATE TABLE "recorded_musics" ("id" integer PRIMARY KEY AUTOINCREMENT NOT NULL, "product_id" integer, "recorded_music_name" varchar, "recorded_music_number" integer, "recorded_disk_number" integer, "created_at" datetime NOT NULL, "updated_at" datetime NOT NULL)[0m
  â†³ db/migrate/20190512204216_create_recorded_musics.rb:3
  [1m[36mActiveRecord::SchemaMigration Create (1.1ms)[0m  [1m[32mINSERT INTO "schema_migrations" ("version") VALUES (?)[0m  [["version", "20190512204216"]]
  â†³ bin/rails:9
  [1m[35m (2.7ms)[0m  [1m[36mcommit transaction[0m
  â†³ bin/rails:9
Migrating to CreateArtists (20190512204217)
  [1m[35m (0.1ms)[0m  [1m[36mbegin transaction[0m
  â†³ bin/rails:9
  [1m[35m (4.8ms)[0m  [1m[35mCREATE TABLE "artists" ("id" integer PRIMARY KEY AUTOINCREMENT NOT NULL, "artist_name" varchar, "created_at" datetime NOT NULL, "updated_at" datetime NOT NULL)[0m
  â†³ db/migrate/20190512204217_create_artists.rb:3
  [1m[36mActiveRecord::SchemaMigration Create (1.0ms)[0m  [1m[32mINSERT INTO "schema_migrations" ("version") VALUES (?)[0m  [["version", "20190512204217"]]
  â†³ bin/rails:9
  [1m[35m (3.5ms)[0m  [1m[36mcommit transaction[0m
  â†³ bin/rails:9
Migrating to CreateGenres (20190512204218)
  [1m[35m (0.1ms)[0m  [1m[36mbegin transaction[0m
  â†³ bin/rails:9
  [1m[35m (3.9ms)[0m  [1m[35mCREATE TABLE "genres" ("id" integer PRIMARY KEY AUTOINCREMENT NOT NULL, "genre_name" varchar, "created_at" datetime NOT NULL, "updated_at" datetime NOT NULL)[0m
  â†³ db/migrate/20190512204218_create_genres.rb:3
  [1m[36mActiveRecord::SchemaMigration Create (1.4ms)[0m  [1m[32mINSERT INTO "schema_migrations" ("version") VALUES (?)[0m  [["version", "20190512204218"]]
  â†³ bin/rails:9
  [1m[35m (2.9ms)[0m  [1m[36mcommit transaction[0m
  â†³ bin/rails:9
Migrating to CreateLabels (20190512204219)
  [1m[35m (0.2ms)[0m  [1m[36mbegin transaction[0m
  â†³ bin/rails:9
  [1m[35m (4.1ms)[0m  [1m[35mCREATE TABLE "labels" ("id" integer PRIMARY KEY AUTOINCREMENT NOT NULL, "label_name" varchar, "created_at" datetime NOT NULL, "updated_at" datetime NOT NULL)[0m
  â†³ db/migrate/20190512204219_create_labels.rb:3
  [1m[36mActiveRecord::SchemaMigration Create (1.1ms)[0m  [1m[32mINSERT INTO "schema_migrations" ("version") VALUES (?)[0m  [["version", "20190512204219"]]
  â†³ bin/rails:9
  [1m[35m (2.5ms)[0m  [1m[36mcommit transaction[0m
  â†³ bin/rails:9
  [1m[36mActiveRecord::InternalMetadata Load (1.2ms)[0m  [1m[34mSELECT  "ar_internal_metadata".* FROM "ar_internal_metadata" WHERE "ar_internal_metadata"."key" = ? LIMIT ?[0m  [["key", "environment"], ["LIMIT", 1]]
  â†³ bin/rails:9
  [1m[35m (0.0ms)[0m  [1m[36mbegin transaction[0m
  â†³ bin/rails:9
  [1m[36mActiveRecord::InternalMetadata Create (3.8ms)[0m  [1m[32mINSERT INTO "ar_internal_metadata" ("key", "value", "created_at", "updated_at") VALUES (?, ?, ?, ?)[0m  [["key", "environment"], ["value", "development"], ["created_at", "2019-05-12 11:07:09.022256"], ["updated_at", "2019-05-12 11:07:09.022256"]]
  â†³ bin/rails:9
  [1m[35m (2.3ms)[0m  [1m[36mcommit transaction[0m
  â†³ bin/rails:9
  [1m[35m (1.8ms)[0m  [1m[34mSELECT "schema_migrations"."version" FROM "schema_migrations" ORDER BY "schema_migrations"."version" ASC[0m
  â†³ bin/rails:9
  [1m[35m (0.9ms)[0m  [1m[34mSELECT "schema_migrations"."version" FROM "schema_migrations" ORDER BY "schema_migrations"."version" ASC[0m
  â†³ bin/rails:9
Migrating to DeviseCreateUsers (20190512204220)
  [1m[35m (0.1ms)[0m  [1m[36mbegin transaction[0m
  â†³ bin/rails:9
  [1m[35m (0.1ms)[0m  [1m[34mSELECT sqlite_version(*)[0m
  â†³ db/migrate/20190512204220_devise_create_users.rb:5
  [1m[35m (3.6ms)[0m  [1m[35mCREATE TABLE "users" ("id" integer PRIMARY KEY AUTOINCREMENT NOT NULL, "email" varchar DEFAULT '' NOT NULL, "encrypted_password" varchar DEFAULT '' NOT NULL, "reset_password_token" varchar, "reset_password_sent_at" datetime, "remember_created_at" datetime, "sign_in_count" integer DEFAULT 0 NOT NULL, "current_sign_in_at" datetime, "last_sign_in_at" datetime, "current_sign_in_ip" varchar, "last_sign_in_ip" varchar, "last_name" varchar, "first_name" varchar, "ruby_last_name" varchar, "ruby_first_name" varchar, "postcode" varchar, "address" varchar, "phone" varchar, "admin" boolean, "deleted_at" datetime, "created_at" datetime NOT NULL, "updated_at" datetime NOT NULL)[0m
  â†³ db/migrate/20190512204220_devise_create_users.rb:5
  [1m[35m (0.1ms)[0m  [1m[35mCREATE  INDEX "index_users_on_deleted_at" ON "users" ("deleted_at")[0m
  â†³ db/migrate/20190512204220_devise_create_users.rb:46
  [1m[35m (0.1ms)[0m  [1m[35mCREATE UNIQUE INDEX "index_users_on_email" ON "users" ("email")[0m
  â†³ db/migrate/20190512204220_devise_create_users.rb:47
  [1m[35m (0.1ms)[0m  [1m[35mCREATE UNIQUE INDEX "index_users_on_reset_password_token" ON "users" ("reset_password_token")[0m
  â†³ db/migrate/20190512204220_devise_create_users.rb:48
  [1m[36mActiveRecord::SchemaMigration Create (1.9ms)[0m  [1m[32mINSERT INTO "schema_migrations" ("version") VALUES (?)[0m  [["version", "20190512204220"]]
  â†³ bin/rails:9
  [1m[35m (4.4ms)[0m  [1m[36mcommit transaction[0m
  â†³ bin/rails:9
  [1m[36mActiveRecord::InternalMetadata Load (1.9ms)[0m  [1m[34mSELECT  "ar_internal_metadata".* FROM "ar_internal_metadata" WHERE "ar_internal_metadata"."key" = ? LIMIT ?[0m  [["key", "environment"], ["LIMIT", 1]]
  â†³ bin/rails:9
  [1m[35m (0.0ms)[0m  [1m[36mbegin transaction[0m
  â†³ bin/rails:9
  [1m[35m (0.0ms)[0m  [1m[36mcommit transaction[0m
  â†³ bin/rails:9
  [1m[35m (0.7ms)[0m  [1m[34mSELECT "schema_migrations"."version" FROM "schema_migrations" ORDER BY "schema_migrations"."version" ASC[0m
  â†³ bin/rails:9
Started GET "/books" for 10.0.2.2 at 2019-05-13 08:02:43 +0000
Cannot render console from 10.0.2.2! Allowed networks: 127.0.0.1, ::1, 127.0.0.0/127.255.255.255
  [1m[35m (1.4ms)[0m  [1m[34mSELECT "schema_migrations"."version" FROM "schema_migrations" ORDER BY "schema_migrations"."version" ASC[0m
  â†³ /var/lib/gems/2.5.0/gems/activerecord-5.2.3/lib/active_record/log_subscriber.rb:98
  
ActionController::RoutingError (No route matches [GET] "/books"):
  
actionpack (5.2.3) lib/action_dispatch/middleware/debug_exceptions.rb:65:in `call'
web-console (3.7.0) lib/web_console/middleware.rb:135:in `call_app'
web-console (3.7.0) lib/web_console/middleware.rb:22:in `block in call'
web-console (3.7.0) lib/web_console/middleware.rb:20:in `catch'
web-console (3.7.0) lib/web_console/middleware.rb:20:in `call'
actionpack (5.2.3) lib/action_dispatch/middleware/show_exceptions.rb:33:in `call'
railties (5.2.3) lib/rails/rack/logger.rb:38:in `call_app'
railties (5.2.3) lib/rails/rack/logger.rb:26:in `block in call'
activesupport (5.2.3) lib/active_support/tagged_logging.rb:71:in `block in tagged'
activesupport (5.2.3) lib/active_support/tagged_logging.rb:28:in `tagged'
activesupport (5.2.3) lib/active_support/tagged_logging.rb:71:in `tagged'
railties (5.2.3) lib/rails/rack/logger.rb:26:in `call'
sprockets-rails (3.2.1) lib/sprockets/rails/quiet_assets.rb:13:in `call'
actionpack (5.2.3) lib/action_dispatch/middleware/remote_ip.rb:81:in `call'
actionpack (5.2.3) lib/action_dispatch/middleware/request_id.rb:27:in `call'
rack (2.0.7) lib/rack/method_override.rb:22:in `call'
rack (2.0.7) lib/rack/runtime.rb:22:in `call'
activesupport (5.2.3) lib/active_support/cache/strategy/local_cache_middleware.rb:29:in `call'
actionpack (5.2.3) lib/action_dispatch/middleware/executor.rb:14:in `call'
actionpack (5.2.3) lib/action_dispatch/middleware/static.rb:127:in `call'
rack (2.0.7) lib/rack/sendfile.rb:111:in `call'
railties (5.2.3) lib/rails/engine.rb:524:in `call'
puma (3.12.1) lib/puma/configuration.rb:227:in `call'
puma (3.12.1) lib/puma/server.rb:660:in `handle_request'
puma (3.12.1) lib/puma/server.rb:474:in `process_client'
puma (3.12.1) lib/puma/server.rb:334:in `block in run'
puma (3.12.1) lib/puma/thread_pool.rb:135:in `block in spawn_thread'
Started GET "/" for 10.0.2.2 at 2019-05-13 08:02:47 +0000
Cannot render console from 10.0.2.2! Allowed networks: 127.0.0.1, ::1, 127.0.0.0/127.255.255.255
  
ActionController::RoutingError (uninitialized constant ProductsController):
  
bootsnap (1.4.4) lib/bootsnap/load_path_cache/core_ext/active_support.rb:79:in `block in load_missing_constant'
bootsnap (1.4.4) lib/bootsnap/load_path_cache/core_ext/active_support.rb:8:in `without_bootsnap_cache'
bootsnap (1.4.4) lib/bootsnap/load_path_cache/core_ext/active_support.rb:79:in `rescue in load_missing_constant'
bootsnap (1.4.4) lib/bootsnap/load_path_cache/core_ext/active_support.rb:58:in `load_missing_constant'
activesupport (5.2.3) lib/active_support/inflector/methods.rb:283:in `const_get'
activesupport (5.2.3) lib/active_support/inflector/methods.rb:283:in `block in constantize'
activesupport (5.2.3) lib/active_support/inflector/methods.rb:281:in `each'
activesupport (5.2.3) lib/active_support/inflector/methods.rb:281:in `inject'
activesupport (5.2.3) lib/active_support/inflector/methods.rb:281:in `constantize'
actionpack (5.2.3) lib/action_dispatch/http/request.rb:88:in `controller_class_for'
actionpack (5.2.3) lib/action_dispatch/http/request.rb:81:in `controller_class'
actionpack (5.2.3) lib/action_dispatch/routing/route_set.rb:46:in `controller'
actionpack (5.2.3) lib/action_dispatch/routing/route_set.rb:32:in `serve'
actionpack (5.2.3) lib/action_dispatch/journey/router.rb:52:in `block in serve'
actionpack (5.2.3) lib/action_dispatch/journey/router.rb:35:in `each'
actionpack (5.2.3) lib/action_dispatch/journey/router.rb:35:in `serve'
actionpack (5.2.3) lib/action_dispatch/routing/route_set.rb:840:in `call'
warden (1.2.8) lib/warden/manager.rb:36:in `block in call'
warden (1.2.8) lib/warden/manager.rb:34:in `catch'
warden (1.2.8) lib/warden/manager.rb:34:in `call'
rack (2.0.7) lib/rack/tempfile_reaper.rb:15:in `call'
rack (2.0.7) lib/rack/etag.rb:25:in `call'
rack (2.0.7) lib/rack/conditional_get.rb:25:in `call'
rack (2.0.7) lib/rack/head.rb:12:in `call'
actionpack (5.2.3) lib/action_dispatch/http/content_security_policy.rb:18:in `call'
rack (2.0.7) lib/rack/session/abstract/id.rb:232:in `context'
rack (2.0.7) lib/rack/session/abstract/id.rb:226:in `call'
actionpack (5.2.3) lib/action_dispatch/middleware/cookies.rb:670:in `call'
activerecord (5.2.3) lib/active_record/migration.rb:559:in `call'
actionpack (5.2.3) lib/action_dispatch/middleware/callbacks.rb:28:in `block in call'
activesupport (5.2.3) lib/active_support/callbacks.rb:98:in `run_callbacks'
actionpack (5.2.3) lib/action_dispatch/middleware/callbacks.rb:26:in `call'
actionpack (5.2.3) lib/action_dispatch/middleware/executor.rb:14:in `call'
actionpack (5.2.3) lib/action_dispatch/middleware/debug_exceptions.rb:61:in `call'
web-console (3.7.0) lib/web_console/middleware.rb:135:in `call_app'
web-console (3.7.0) lib/web_console/middleware.rb:22:in `block in call'
web-console (3.7.0) lib/web_console/middleware.rb:20:in `catch'
web-console (3.7.0) lib/web_console/middleware.rb:20:in `call'
actionpack (5.2.3) lib/action_dispatch/middleware/show_exceptions.rb:33:in `call'
railties (5.2.3) lib/rails/rack/logger.rb:38:in `call_app'
railties (5.2.3) lib/rails/rack/logger.rb:26:in `block in call'
activesupport (5.2.3) lib/active_support/tagged_logging.rb:71:in `block in tagged'
activesupport (5.2.3) lib/active_support/tagged_logging.rb:28:in `tagged'
activesupport (5.2.3) lib/active_support/tagged_logging.rb:71:in `tagged'
railties (5.2.3) lib/rails/rack/logger.rb:26:in `call'
sprockets-rails (3.2.1) lib/sprockets/rails/quiet_assets.rb:13:in `call'
actionpack (5.2.3) lib/action_dispatch/middleware/remote_ip.rb:81:in `call'
actionpack (5.2.3) lib/action_dispatch/middleware/request_id.rb:27:in `call'
rack (2.0.7) lib/rack/method_override.rb:22:in `call'
rack (2.0.7) lib/rack/runtime.rb:22:in `call'
activesupport (5.2.3) lib/active_support/cache/strategy/local_cache_middleware.rb:29:in `call'
actionpack (5.2.3) lib/action_dispatch/middleware/executor.rb:14:in `call'
actionpack (5.2.3) lib/action_dispatch/middleware/static.rb:127:in `call'
rack (2.0.7) lib/rack/sendfile.rb:111:in `call'
railties (5.2.3) lib/rails/engine.rb:524:in `call'
puma (3.12.1) lib/puma/configuration.rb:227:in `call'
puma (3.12.1) lib/puma/server.rb:660:in `handle_request'
puma (3.12.1) lib/puma/server.rb:474:in `process_client'
puma (3.12.1) lib/puma/server.rb:334:in `block in run'
puma (3.12.1) lib/puma/thread_pool.rb:135:in `block in spawn_thread'
Started GET "/labels" for 10.0.2.2 at 2019-05-13 08:03:00 +0000
Cannot render console from 10.0.2.2! Allowed networks: 127.0.0.1, ::1, 127.0.0.0/127.255.255.255
Processing by LabelsController#index as HTML
  Rendering labels/index.html.erb within layouts/application
  Rendered labels/index.html.erb within layouts/application (17.5ms)
Completed 500 Internal Server Error in 86ms (ActiveRecord: 0.0ms)


  
ActionView::Template::Error (undefined method `each' for nil:NilClass):
    10:               </tr>
    11:             </thead>
    12:             <tbody>
    13:               <% @labels.each do |label| %>
    14:                 <tr>
    15:                   <td> <%= label.id %></td>
    16:                   <td> <%= label.name %></td>
  
app/views/labels/index.html.erb:13:in `_app_views_labels_index_html_erb__3809535420015253771_47197595509280'
Started GET "/labels" for 10.0.2.2 at 2019-05-13 08:03:31 +0000
Cannot render console from 10.0.2.2! Allowed networks: 127.0.0.1, ::1, 127.0.0.0/127.255.255.255
  [1m[35m (1.7ms)[0m  [1m[34mSELECT "schema_migrations"."version" FROM "schema_migrations" ORDER BY "schema_migrations"."version" ASC[0m
  â†³ /var/lib/gems/2.5.0/gems/activerecord-5.2.3/lib/active_record/log_subscriber.rb:98
Processing by LabelsController#index as HTML
  Rendering labels/index.html.erb within layouts/application
  [1m[36mLabel Load (3.3ms)[0m  [1m[34mSELECT "labels".* FROM "labels"[0m
  â†³ app/views/labels/index.html.erb:13
  Rendered labels/index.html.erb within layouts/application (10.0ms)
Completed 200 OK in 2139ms (Views: 2103.2ms | ActiveRecord: 6.1ms)


Started GET "/labels" for 10.0.2.2 at 2019-05-13 08:07:33 +0000
Cannot render console from 10.0.2.2! Allowed networks: 127.0.0.1, ::1, 127.0.0.0/127.255.255.255
Processing by LabelsController#index as HTML
  Rendering labels/index.html.erb within layouts/application
  [1m[36mLabel Load (0.8ms)[0m  [1m[34mSELECT "labels".* FROM "labels"[0m
  â†³ app/views/labels/index.html.erb:13
  Rendered labels/index.html.erb within layouts/application (4.4ms)
Completed 500 Internal Server Error in 181ms (ActiveRecord: 0.8ms)


  
ActionView::Template::Error (couldn't find file 'rails-ujs' with type 'text/css'
Checked in these paths: 
  /vagrant/nagano_record_online/app/assets/config
  /vagrant/nagano_record_online/app/assets/images
  /vagrant/nagano_record_online/app/assets/javascripts
  /vagrant/nagano_record_online/app/assets/stylesheets
  /var/lib/gems/2.5.0/gems/jquery-rails-4.3.3/vendor/assets/javascripts
  /home/vagrant/.bundle/ruby/2.5.0/refile-46b4178654e6/app/assets/javascripts
  /var/lib/gems/2.5.0/gems/coffee-rails-4.2.2/lib/assets/javascripts
  /var/lib/gems/2.5.0/gems/actioncable-5.2.3/lib/assets/compiled
  /var/lib/gems/2.5.0/gems/activestorage-5.2.3/app/assets/javascripts
  /var/lib/gems/2.5.0/gems/actionview-5.2.3/lib/assets/compiled
  /var/lib/gems/2.5.0/gems/turbolinks-source-5.2.0/lib/assets/javascripts
  /vagrant/nagano_record_online/node_modules
  /var/lib/gems/2.5.0/gems/bootstrap-sass-3.3.7/assets/stylesheets
  /var/lib/gems/2.5.0/gems/bootstrap-sass-3.3.7/assets/javascripts
  /var/lib/gems/2.5.0/gems/bootstrap-sass-3.3.7/assets/fonts
  /var/lib/gems/2.5.0/gems/bootstrap-sass-3.3.7/assets/images):
     5:     <%= csrf_meta_tags %>
     6:     <%= csp_meta_tag %>
     7: 
     8:     <%= stylesheet_link_tag    'application', media: 'all', 'data-turbolinks-track': 'reload' %>
     9:     <%= javascript_include_tag 'application', 'data-turbolinks-track': 'reload' %>
    10:   </head>
    11: 
  
app/assets/stylesheets/application.scss:13
app/views/layouts/application.html.erb:8:in `_app_views_layouts_application_html_erb___836904731802194863_70343763483660'
Started GET "/labels" for 10.0.2.2 at 2019-05-13 08:08:40 +0000
Cannot render console from 10.0.2.2! Allowed networks: 127.0.0.1, ::1, 127.0.0.0/127.255.255.255
  [1m[35m (2.1ms)[0m  [1m[34mSELECT "schema_migrations"."version" FROM "schema_migrations" ORDER BY "schema_migrations"."version" ASC[0m
  â†³ /var/lib/gems/2.5.0/gems/activerecord-5.2.3/lib/active_record/log_subscriber.rb:98
Processing by LabelsController#index as HTML
  Rendering labels/index.html.erb within layouts/application
  [1m[36mLabel Load (2.0ms)[0m  [1m[34mSELECT "labels".* FROM "labels"[0m
  â†³ app/views/labels/index.html.erb:13
  Rendered labels/index.html.erb within layouts/application (8.8ms)
Completed 500 Internal Server Error in 279ms (ActiveRecord: 5.6ms)


  
ActionView::Template::Error (couldn't find file 'rails-ujs' with type 'text/css'
Checked in these paths: 
  /vagrant/nagano_record_online/app/assets/config
  /vagrant/nagano_record_online/app/assets/images
  /vagrant/nagano_record_online/app/assets/javascripts
  /vagrant/nagano_record_online/app/assets/stylesheets
  /var/lib/gems/2.5.0/gems/jquery-rails-4.3.3/vendor/assets/javascripts
  /home/vagrant/.bundle/ruby/2.5.0/refile-46b4178654e6/app/assets/javascripts
  /var/lib/gems/2.5.0/gems/coffee-rails-4.2.2/lib/assets/javascripts
  /var/lib/gems/2.5.0/gems/actioncable-5.2.3/lib/assets/compiled
  /var/lib/gems/2.5.0/gems/activestorage-5.2.3/app/assets/javascripts
  /var/lib/gems/2.5.0/gems/actionview-5.2.3/lib/assets/compiled
  /var/lib/gems/2.5.0/gems/turbolinks-source-5.2.0/lib/assets/javascripts
  /vagrant/nagano_record_online/node_modules
  /var/lib/gems/2.5.0/gems/bootstrap-sass-3.3.7/assets/stylesheets
  /var/lib/gems/2.5.0/gems/bootstrap-sass-3.3.7/assets/javascripts
  /var/lib/gems/2.5.0/gems/bootstrap-sass-3.3.7/assets/fonts
  /var/lib/gems/2.5.0/gems/bootstrap-sass-3.3.7/assets/images):
     5:     <%= csrf_meta_tags %>
     6:     <%= csp_meta_tag %>
     7: 
     8:     <%= stylesheet_link_tag    'application', media: 'all', 'data-turbolinks-track': 'reload' %>
     9:     <%= javascript_include_tag 'application', 'data-turbolinks-track': 'reload' %>
    10:   </head>
    11: 
  
app/assets/stylesheets/application.scss:13
app/views/layouts/application.html.erb:8:in `_app_views_layouts_application_html_erb___1175622916512718102_46919510682560'
Started GET "/labels" for 10.0.2.2 at 2019-05-13 08:09:03 +0000
Cannot render console from 10.0.2.2! Allowed networks: 127.0.0.1, ::1, 127.0.0.0/127.255.255.255
  [1m[35m (1.0ms)[0m  [1m[34mSELECT "schema_migrations"."version" FROM "schema_migrations" ORDER BY "schema_migrations"."version" ASC[0m
  â†³ /var/lib/gems/2.5.0/gems/activerecord-5.2.3/lib/active_record/log_subscriber.rb:98
Processing by LabelsController#index as HTML
  Rendering labels/index.html.erb within layouts/application
  [1m[36mLabel Load (1.4ms)[0m  [1m[34mSELECT "labels".* FROM "labels"[0m
  â†³ app/views/labels/index.html.erb:13
  Rendered labels/index.html.erb within layouts/application (8.4ms)
Completed 500 Internal Server Error in 295ms (ActiveRecord: 5.2ms)


  
ActionView::Template::Error (couldn't find file 'rails-ujs' with type 'text/css'
Checked in these paths: 
  /vagrant/nagano_record_online/app/assets/config
  /vagrant/nagano_record_online/app/assets/images
  /vagrant/nagano_record_online/app/assets/javascripts
  /vagrant/nagano_record_online/app/assets/stylesheets
  /var/lib/gems/2.5.0/gems/jquery-rails-4.3.3/vendor/assets/javascripts
  /home/vagrant/.bundle/ruby/2.5.0/refile-46b4178654e6/app/assets/javascripts
  /var/lib/gems/2.5.0/gems/coffee-rails-4.2.2/lib/assets/javascripts
  /var/lib/gems/2.5.0/gems/actioncable-5.2.3/lib/assets/compiled
  /var/lib/gems/2.5.0/gems/activestorage-5.2.3/app/assets/javascripts
  /var/lib/gems/2.5.0/gems/actionview-5.2.3/lib/assets/compiled
  /var/lib/gems/2.5.0/gems/turbolinks-source-5.2.0/lib/assets/javascripts
  /vagrant/nagano_record_online/node_modules
  /var/lib/gems/2.5.0/gems/bootstrap-sass-3.3.7/assets/stylesheets
  /var/lib/gems/2.5.0/gems/bootstrap-sass-3.3.7/assets/javascripts
  /var/lib/gems/2.5.0/gems/bootstrap-sass-3.3.7/assets/fonts
  /var/lib/gems/2.5.0/gems/bootstrap-sass-3.3.7/assets/images):
     5:     <%= csrf_meta_tags %>
     6:     <%= csp_meta_tag %>
     7: 
     8:     <%= stylesheet_link_tag    'application', media: 'all', 'data-turbolinks-track': 'reload' %>
     9:     <%= javascript_include_tag 'application', 'data-turbolinks-track': 'reload' %>
    10:   </head>
    11: 
  
app/assets/stylesheets/application.scss:13
app/views/layouts/application.html.erb:8:in `_app_views_layouts_application_html_erb__1238707078927766660_69905896499140'
Started GET "/labels" for 10.0.2.2 at 2019-05-13 08:11:00 +0000
Cannot render console from 10.0.2.2! Allowed networks: 127.0.0.1, ::1, 127.0.0.0/127.255.255.255
Processing by LabelsController#index as HTML
  Rendering labels/index.html.erb within layouts/application
  [1m[36mLabel Load (1.0ms)[0m  [1m[34mSELECT "labels".* FROM "labels"[0m
  â†³ app/views/labels/index.html.erb:13
  Rendered labels/index.html.erb within layouts/application (2.7ms)
Completed 500 Internal Server Error in 309ms (ActiveRecord: 1.0ms)


  
ActionView::Template::Error (Invalid CSS after "": expected selector or at-rule, was "/*"):
     5:     <%= csrf_meta_tags %>
     6:     <%= csp_meta_tag %>
     7: 
     8:     <%= stylesheet_link_tag    'application', media: 'all', 'data-turbolinks-track': 'reload' %>
     9:     <%= javascript_include_tag 'application', 'data-turbolinks-track': 'reload' %>
    10:   </head>
    11: 
  
app/assets/stylesheets/application.scss:1
app/views/layouts/application.html.erb:8:in `_app_views_layouts_application_html_erb__1238707078927766660_69905726677640'
Started GET "/labels" for 10.0.2.2 at 2019-05-13 08:13:32 +0000
Cannot render console from 10.0.2.2! Allowed networks: 127.0.0.1, ::1, 127.0.0.0/127.255.255.255
Processing by LabelsController#index as HTML
  Rendering labels/index.html.erb within layouts/application
  [1m[36mLabel Load (1.4ms)[0m  [1m[34mSELECT "labels".* FROM "labels"[0m
  â†³ app/views/labels/index.html.erb:13
  Rendered labels/index.html.erb within layouts/application (3.4ms)
Completed 200 OK in 5663ms (Views: 5637.4ms | ActiveRecord: 1.4ms)


Started GET "/labels" for 10.0.2.2 at 2019-05-13 08:15:50 +0000
Cannot render console from 10.0.2.2! Allowed networks: 127.0.0.1, ::1, 127.0.0.0/127.255.255.255
Processing by LabelsController#index as HTML
  Rendering labels/index.html.erb within layouts/application
  [1m[36mLabel Load (2.0ms)[0m  [1m[34mSELECT "labels".* FROM "labels"[0m
  â†³ app/views/labels/index.html.erb:16
  Rendered labels/index.html.erb within layouts/application (4.2ms)
Completed 200 OK in 325ms (Views: 304.1ms | ActiveRecord: 2.0ms)


Started GET "/labels" for 10.0.2.2 at 2019-05-13 08:20:29 +0000
Cannot render console from 10.0.2.2! Allowed networks: 127.0.0.1, ::1, 127.0.0.0/127.255.255.255
Processing by LabelsController#index as HTML
  Rendering labels/index.html.erb within layouts/application
  [1m[36mLabel Load (0.9ms)[0m  [1m[34mSELECT "labels".* FROM "labels"[0m
  â†³ app/views/labels/index.html.erb:16
  Rendered labels/index.html.erb within layouts/application (2.7ms)
Completed 200 OK in 331ms (Views: 308.7ms | ActiveRecord: 0.9ms)


Started GET "/labels" for 10.0.2.2 at 2019-05-13 08:20:39 +0000
Cannot render console from 10.0.2.2! Allowed networks: 127.0.0.1, ::1, 127.0.0.0/127.255.255.255
Processing by LabelsController#index as HTML
  Rendering labels/index.html.erb within layouts/application
  [1m[36mLabel Load (1.4ms)[0m  [1m[34mSELECT "labels".* FROM "labels"[0m
  â†³ app/views/labels/index.html.erb:17
  Rendered labels/index.html.erb within layouts/application (3.8ms)
Completed 200 OK in 323ms (Views: 302.2ms | ActiveRecord: 1.4ms)


Started GET "/labels" for 10.0.2.2 at 2019-05-13 08:23:20 +0000
Cannot render console from 10.0.2.2! Allowed networks: 127.0.0.1, ::1, 127.0.0.0/127.255.255.255
Processing by LabelsController#index as HTML
  Rendering labels/index.html.erb within layouts/application
  [1m[36mLabel Load (2.6ms)[0m  [1m[34mSELECT "labels".* FROM "labels"[0m
  â†³ app/views/labels/index.html.erb:17
  Rendered labels/index.html.erb within layouts/application (6.5ms)
Completed 200 OK in 339ms (Views: 312.7ms | ActiveRecord: 2.6ms)


Started GET "/labels" for 10.0.2.2 at 2019-05-13 08:23:39 +0000
Cannot render console from 10.0.2.2! Allowed networks: 127.0.0.1, ::1, 127.0.0.0/127.255.255.255
Processing by LabelsController#index as HTML
  Rendering labels/index.html.erb within layouts/application
  [1m[36mLabel Load (0.9ms)[0m  [1m[34mSELECT "labels".* FROM "labels"[0m
  â†³ app/views/labels/index.html.erb:18
  Rendered labels/index.html.erb within layouts/application (2.4ms)
Completed 200 OK in 306ms (Views: 279.3ms | ActiveRecord: 0.9ms)


Started GET "/labels" for 10.0.2.2 at 2019-05-13 08:25:42 +0000
Cannot render console from 10.0.2.2! Allowed networks: 127.0.0.1, ::1, 127.0.0.0/127.255.255.255
Processing by LabelsController#index as HTML
  Rendering labels/index.html.erb within layouts/application
  [1m[36mLabel Load (1.4ms)[0m  [1m[34mSELECT "labels".* FROM "labels"[0m
  â†³ app/views/labels/index.html.erb:22
  Rendered labels/index.html.erb within layouts/application (3.2ms)
Completed 200 OK in 321ms (Views: 292.0ms | ActiveRecord: 1.4ms)


Started GET "/labels" for 10.0.2.2 at 2019-05-13 08:29:00 +0000
Cannot render console from 10.0.2.2! Allowed networks: 127.0.0.1, ::1, 127.0.0.0/127.255.255.255
Processing by LabelsController#index as HTML
  Rendering labels/index.html.erb within layouts/application
  Rendered labels/index.html.erb within layouts/application (0.7ms)
Completed 500 Internal Server Error in 74ms (ActiveRecord: 0.0ms)


  
SyntaxError (/vagrant/nagano_record_online/app/views/labels/index.html.erb:7: syntax error, unexpected keyword_class, expecting ')'
...è¦ç™»éŒ²', '/labels/new' class="btn btn-default" );@output_...
...                          ^~~~~):
  
app/views/labels/index.html.erb:7: syntax error, unexpected keyword_class, expecting ')'
Started GET "/labels" for 10.0.2.2 at 2019-05-13 08:29:09 +0000
Cannot render console from 10.0.2.2! Allowed networks: 127.0.0.1, ::1, 127.0.0.0/127.255.255.255
Processing by LabelsController#index as HTML
  Rendering labels/index.html.erb within layouts/application
  Rendered labels/index.html.erb within layouts/application (1.8ms)
Completed 500 Internal Server Error in 78ms (ActiveRecord: 0.0ms)


  
SyntaxError (/vagrant/nagano_record_online/app/views/labels/index.html.erb:7: syntax error, unexpected '='
...è¦ç™»éŒ²', '/labels/new', class="btn btn-default" );@output_b...
...                                ^
/vagrant/nagano_record_online/app/views/labels/index.html.erb:22: syntax error, unexpected keyword_do_block, expecting keyword_end
...;               @labels.each do |label| 
...                             ^~
/vagrant/nagano_record_online/app/views/labels/index.html.erb:37: syntax error, unexpected keyword_ensure, expecting end-of-input
          ensure
          ^~~~~~):
  
app/views/labels/index.html.erb:7: syntax error, unexpected '='
app/views/labels/index.html.erb:22: syntax error, unexpected keyword_do_block, expecting keyword_end
app/views/labels/index.html.erb:37: syntax error, unexpected keyword_ensure, expecting end-of-input
Started GET "/labels" for 10.0.2.2 at 2019-05-13 08:29:21 +0000
Cannot render console from 10.0.2.2! Allowed networks: 127.0.0.1, ::1, 127.0.0.0/127.255.255.255
Processing by LabelsController#index as HTML
  Rendering labels/index.html.erb within layouts/application
  [1m[36mLabel Load (1.4ms)[0m  [1m[34mSELECT "labels".* FROM "labels"[0m
  â†³ app/views/labels/index.html.erb:22
  Rendered labels/index.html.erb within layouts/application (3.3ms)
Completed 200 OK in 308ms (Views: 283.1ms | ActiveRecord: 1.4ms)


